<?xml version="1.0" ?>
<!DOCTYPE coverage SYSTEM "http://cobertura.sourceforge.net/xml/coverage-04.dtd">
<coverage lines-valid="444" lines-covered="444" line-rate="1" branches-valid="300" branches-covered="287" branch-rate="0.9566" timestamp="1778761561348" complexity="0" version="0.1">
  <sources>
    <source>D:/development/repos/weesky.net-mail/src/frontend</source>
  </sources>
  <packages>
    <package name="src" line-rate="1" branch-rate="1">
      <classes>
        <class name="App.jsx" filename="src\App.jsx" line-rate="1" branch-rate="1">
          <methods>
            <method name="App" hits="9" signature="()V">
              <lines>
                <line number="6" hits="9"/>
              </lines>
            </method>
            <method name="(anonymous_1)" hits="6" signature="()V">
              <lines>
                <line number="9" hits="6"/>
              </lines>
            </method>
            <method name="(anonymous_2)" hits="1" signature="()V">
              <lines>
                <line number="10" hits="1"/>
              </lines>
            </method>
            <method name="(anonymous_3)" hits="6" signature="()V">
              <lines>
                <line number="11" hits="6"/>
              </lines>
            </method>
            <method name="(anonymous_4)" hits="1" signature="()V">
              <lines>
                <line number="15" hits="1"/>
              </lines>
            </method>
            <method name="(anonymous_5)" hits="1" signature="()V">
              <lines>
                <line number="18" hits="1"/>
              </lines>
            </method>
          </methods>
          <lines>
            <line number="7" hits="9" branch="false"/>
            <line number="9" hits="9" branch="false"/>
            <line number="10" hits="6" branch="false"/>
            <line number="11" hits="6" branch="false"/>
            <line number="14" hits="9" branch="true" condition-coverage="100% (2/2)"/>
            <line number="15" hits="5" branch="false"/>
            <line number="18" hits="4" branch="false"/>
          </lines>
        </class>
        <class name="api.js" filename="src\api.js" line-rate="1" branch-rate="1">
          <methods>
            <method name="setToken" hits="7" signature="()V">
              <lines>
                <line number="19" hits="7"/>
              </lines>
            </method>
            <method name="clearToken" hits="4" signature="()V">
              <lines>
                <line number="30" hits="4"/>
              </lines>
            </method>
            <method name="setIsAdmin" hits="4" signature="()V">
              <lines>
                <line number="37" hits="4"/>
              </lines>
            </method>
            <method name="getIsAdmin" hits="4" signature="()V">
              <lines>
                <line number="38" hits="4"/>
              </lines>
            </method>
            <method name="hasToken" hits="6" signature="()V">
              <lines>
                <line number="40" hits="6"/>
              </lines>
            </method>
            <method name="setUnauthorizedHandler" hits="1" signature="()V">
              <lines>
                <line number="44" hits="1"/>
              </lines>
            </method>
            <method name="request" hits="21" signature="()V">
              <lines>
                <line number="48" hits="21"/>
              </lines>
            </method>
            <method name="(anonymous_7)" hits="0" signature="()V">
              <lines>
                <line number="67" hits="0"/>
              </lines>
            </method>
            <method name="(anonymous_8)" hits="1" signature="()V">
              <lines>
                <line number="74" hits="1"/>
              </lines>
            </method>
            <method name="(anonymous_9)" hits="1" signature="()V">
              <lines>
                <line number="77" hits="1"/>
              </lines>
            </method>
            <method name="(anonymous_10)" hits="1" signature="()V">
              <lines>
                <line number="80" hits="1"/>
              </lines>
            </method>
            <method name="(anonymous_11)" hits="5" signature="()V">
              <lines>
                <line number="83" hits="5"/>
              </lines>
            </method>
            <method name="(anonymous_12)" hits="1" signature="()V">
              <lines>
                <line number="86" hits="1"/>
              </lines>
            </method>
            <method name="(anonymous_13)" hits="1" signature="()V">
              <lines>
                <line number="89" hits="1"/>
              </lines>
            </method>
            <method name="(anonymous_14)" hits="1" signature="()V">
              <lines>
                <line number="92" hits="1"/>
              </lines>
            </method>
            <method name="(anonymous_15)" hits="1" signature="()V">
              <lines>
                <line number="95" hits="1"/>
              </lines>
            </method>
            <method name="(anonymous_16)" hits="1" signature="()V">
              <lines>
                <line number="98" hits="1"/>
              </lines>
            </method>
            <method name="(anonymous_17)" hits="1" signature="()V">
              <lines>
                <line number="101" hits="1"/>
              </lines>
            </method>
            <method name="(anonymous_18)" hits="1" signature="()V">
              <lines>
                <line number="104" hits="1"/>
              </lines>
            </method>
            <method name="(anonymous_19)" hits="1" signature="()V">
              <lines>
                <line number="107" hits="1"/>
              </lines>
            </method>
            <method name="(anonymous_20)" hits="1" signature="()V">
              <lines>
                <line number="110" hits="1"/>
              </lines>
            </method>
            <method name="(anonymous_21)" hits="1" signature="()V">
              <lines>
                <line number="113" hits="1"/>
              </lines>
            </method>
            <method name="(anonymous_22)" hits="1" signature="()V">
              <lines>
                <line number="116" hits="1"/>
              </lines>
            </method>
            <method name="(anonymous_23)" hits="1" signature="()V">
              <lines>
                <line number="119" hits="1"/>
              </lines>
            </method>
            <method name="(anonymous_24)" hits="1" signature="()V">
              <lines>
                <line number="122" hits="1"/>
              </lines>
            </method>
          </methods>
          <lines>
            <line number="1" hits="34" branch="true" condition-coverage="100% (2/2)"/>
            <line number="2" hits="34" branch="false"/>
            <line number="3" hits="34" branch="false"/>
            <line number="5" hits="34" branch="false"/>
            <line number="6" hits="34" branch="false"/>
            <line number="7" hits="34" branch="false"/>
            <line number="10" hits="34" branch="false"/>
            <line number="11" hits="34" branch="false"/>
            <line number="12" hits="34" branch="true" condition-coverage="100% (5/5)"/>
            <line number="13" hits="1" branch="false"/>
            <line number="15" hits="33" branch="false"/>
            <line number="16" hits="33" branch="false"/>
            <line number="20" hits="7" branch="false"/>
            <line number="21" hits="7" branch="true" condition-coverage="100% (2/2)"/>
            <line number="22" hits="2" branch="false"/>
            <line number="23" hits="2" branch="false"/>
            <line number="25" hits="5" branch="false"/>
            <line number="26" hits="5" branch="false"/>
            <line number="31" hits="4" branch="false"/>
            <line number="32" hits="4" branch="false"/>
            <line number="33" hits="4" branch="false"/>
            <line number="34" hits="4" branch="false"/>
            <line number="37" hits="4" branch="false"/>
            <line number="38" hits="4" branch="false"/>
            <line number="41" hits="6" branch="false"/>
            <line number="45" hits="1" branch="false"/>
            <line number="49" hits="21" branch="false"/>
            <line number="50" hits="21" branch="true" condition-coverage="100% (2/2)"/>
            <line number="51" hits="21" branch="true" condition-coverage="100% (2/2)"/>
            <line number="53" hits="21" branch="false"/>
            <line number="59" hits="21" branch="true" condition-coverage="100% (2/2)"/>
            <line number="60" hits="1" branch="false"/>
            <line number="61" hits="1" branch="false"/>
            <line number="62" hits="1" branch="false"/>
            <line number="65" hits="20" branch="true" condition-coverage="100% (2/2)"/>
            <line number="66" hits="19" branch="true" condition-coverage="100% (2/2)"/>
            <line number="67" hits="2" branch="false"/>
            <line number="68" hits="2" branch="true" condition-coverage="100% (2/2)"/>
            <line number="70" hits="17" branch="false"/>
            <line number="73" hits="34" branch="false"/>
            <line number="75" hits="1" branch="false"/>
            <line number="78" hits="1" branch="false"/>
            <line number="81" hits="1" branch="false"/>
            <line number="84" hits="5" branch="false"/>
            <line number="87" hits="1" branch="false"/>
            <line number="90" hits="1" branch="false"/>
            <line number="93" hits="1" branch="false"/>
            <line number="96" hits="1" branch="false"/>
            <line number="99" hits="1" branch="false"/>
            <line number="102" hits="1" branch="false"/>
            <line number="105" hits="1" branch="false"/>
            <line number="108" hits="1" branch="false"/>
            <line number="111" hits="1" branch="false"/>
            <line number="114" hits="1" branch="false"/>
            <line number="117" hits="1" branch="false"/>
            <line number="120" hits="1" branch="false"/>
            <line number="123" hits="1" branch="false"/>
          </lines>
        </class>
      </classes>
    </package>
    <package name="src.assets" line-rate="1" branch-rate="1">
      <classes>
        <class name="logo_circle.jpg" filename="src\assets\logo_circle.jpg" line-rate="1" branch-rate="1">
          <methods>
          </methods>
          <lines>
          </lines>
        </class>
        <class name="weesky_net.png" filename="src\assets\weesky_net.png" line-rate="1" branch-rate="1">
          <methods>
          </methods>
          <lines>
          </lines>
        </class>
      </classes>
    </package>
    <package name="src.pages" line-rate="1" branch-rate="0.9525">
      <classes>
        <class name="AliasesPage.jsx" filename="src\pages\AliasesPage.jsx" line-rate="1" branch-rate="0.9518000000000001">
          <methods>
            <method name="useToasts" hits="207" signature="()V">
              <lines>
                <line number="6" hits="207"/>
              </lines>
            </method>
            <method name="(anonymous_1)" hits="1" signature="()V">
              <lines>
                <line number="9" hits="1"/>
              </lines>
            </method>
            <method name="(anonymous_2)" hits="1" signature="()V">
              <lines>
                <line number="10" hits="1"/>
              </lines>
            </method>
            <method name="(anonymous_3)" hits="1" signature="()V">
              <lines>
                <line number="10" hits="1"/>
              </lines>
            </method>
            <method name="(anonymous_4)" hits="10" signature="()V">
              <lines>
                <line number="13" hits="10"/>
              </lines>
            </method>
            <method name="(anonymous_5)" hits="10" signature="()V">
              <lines>
                <line number="15" hits="10"/>
              </lines>
            </method>
            <method name="(anonymous_6)" hits="2" signature="()V">
              <lines>
                <line number="17" hits="2"/>
              </lines>
            </method>
            <method name="(anonymous_7)" hits="1" signature="()V">
              <lines>
                <line number="17" hits="1"/>
              </lines>
            </method>
            <method name="(anonymous_8)" hits="1" signature="()V">
              <lines>
                <line number="17" hits="1"/>
              </lines>
            </method>
            <method name="Toasts" hits="176" signature="()V">
              <lines>
                <line number="24" hits="176"/>
              </lines>
            </method>
            <method name="(anonymous_10)" hits="21" signature="()V">
              <lines>
                <line number="28" hits="21"/>
              </lines>
            </method>
            <method name="(anonymous_11)" hits="2" signature="()V">
              <lines>
                <line number="32" hits="2"/>
              </lines>
            </method>
            <method name="LockIcon" hits="116" signature="()V">
              <lines>
                <line number="40" hits="116"/>
              </lines>
            </method>
            <method name="TrashIcon" hits="215" signature="()V">
              <lines>
                <line number="50" hits="215"/>
              </lines>
            </method>
            <method name="PencilIcon" hits="139" signature="()V">
              <lines>
                <line number="63" hits="139"/>
              </lines>
            </method>
            <method name="CheckIcon" hits="27" signature="()V">
              <lines>
                <line number="73" hits="27"/>
              </lines>
            </method>
            <method name="XIcon" hits="32" signature="()V">
              <lines>
                <line number="82" hits="32"/>
              </lines>
            </method>
            <method name="ShieldIcon" hits="14" signature="()V">
              <lines>
                <line number="92" hits="14"/>
              </lines>
            </method>
            <method name="PersonPlusIcon" hits="147" signature="()V">
              <lines>
                <line number="101" hits="147"/>
              </lines>
            </method>
            <method name="GlobeIcon" hits="37" signature="()V">
              <lines>
                <line number="113" hits="37"/>
              </lines>
            </method>
            <method name="ChangePasswordModal" hits="53" signature="()V">
              <lines>
                <line number="124" hits="53"/>
              </lines>
            </method>
            <method name="handleSubmit" hits="3" signature="()V">
              <lines>
                <line number="132" hits="3"/>
              </lines>
            </method>
            <method name="(anonymous_22)" hits="14" signature="()V">
              <lines>
                <line number="152" hits="14"/>
              </lines>
            </method>
            <method name="(anonymous_23)" hits="13" signature="()V">
              <lines>
                <line number="166" hits="13"/>
              </lines>
            </method>
            <method name="(anonymous_24)" hits="14" signature="()V">
              <lines>
                <line number="171" hits="14"/>
              </lines>
            </method>
            <method name="(anonymous_25)" hits="14" signature="()V">
              <lines>
                <line number="176" hits="14"/>
              </lines>
            </method>
            <method name="QuotaBlock" hits="71" signature="()V">
              <lines>
                <line number="191" hits="71"/>
              </lines>
            </method>
            <method name="(anonymous_27)" hits="64" signature="()V">
              <lines>
                <line number="200" hits="64"/>
              </lines>
            </method>
            <method name="QuotaMini" hits="59" signature="()V">
              <lines>
                <line number="219" hits="59"/>
              </lines>
            </method>
            <method name="(anonymous_29)" hits="10" signature="()V">
              <lines>
                <line number="228" hits="10"/>
              </lines>
            </method>
            <method name="AccountPanel" hits="255" signature="()V">
              <lines>
                <line number="243" hits="255"/>
              </lines>
            </method>
            <method name="(anonymous_31)" hits="87" signature="()V">
              <lines>
                <line number="251" hits="87"/>
              </lines>
            </method>
            <method name="handleClickOutside" hits="26" signature="()V">
              <lines>
                <line number="252" hits="26"/>
              </lines>
            </method>
            <method name="(anonymous_33)" hits="87" signature="()V">
              <lines>
                <line number="258" hits="87"/>
              </lines>
            </method>
            <method name="handleEdit" hits="7" signature="()V">
              <lines>
                <line number="261" hits="7"/>
              </lines>
            </method>
            <method name="(anonymous_35)" hits="7" signature="()V">
              <lines>
                <line number="264" hits="7"/>
              </lines>
            </method>
            <method name="handleCancel" hits="1" signature="()V">
              <lines>
                <line number="267" hits="1"/>
              </lines>
            </method>
            <method name="handleConfirm" hits="5" signature="()V">
              <lines>
                <line number="271" hits="5"/>
              </lines>
            </method>
            <method name="(anonymous_38)" hits="25" signature="()V">
              <lines>
                <line number="286" hits="25"/>
              </lines>
            </method>
            <method name="(anonymous_39)" hits="25" signature="()V">
              <lines>
                <line number="286" hits="25"/>
              </lines>
            </method>
            <method name="(anonymous_40)" hits="1" signature="()V">
              <lines>
                <line number="292" hits="1"/>
              </lines>
            </method>
            <method name="(anonymous_41)" hits="19" signature="()V">
              <lines>
                <line number="300" hits="19"/>
              </lines>
            </method>
            <method name="(anonymous_42)" hits="17" signature="()V">
              <lines>
                <line number="301" hits="17"/>
              </lines>
            </method>
            <method name="(anonymous_43)" hits="1" signature="()V">
              <lines>
                <line number="329" hits="1"/>
              </lines>
            </method>
            <method name="(anonymous_44)" hits="2" signature="()V">
              <lines>
                <line number="345" hits="2"/>
              </lines>
            </method>
            <method name="(anonymous_45)" hits="3" signature="()V">
              <lines>
                <line number="354" hits="3"/>
              </lines>
            </method>
            <method name="(anonymous_46)" hits="3" signature="()V">
              <lines>
                <line number="359" hits="3"/>
              </lines>
            </method>
            <method name="DeleteConfirmModal" hits="22" signature="()V">
              <lines>
                <line number="380" hits="22"/>
              </lines>
            </method>
            <method name="(anonymous_48)" hits="10" signature="()V">
              <lines>
                <line number="383" hits="10"/>
              </lines>
            </method>
            <method name="AddEditUserModal" hits="113" signature="()V">
              <lines>
                <line number="403" hits="113"/>
              </lines>
            </method>
            <method name="handleQuotaSlider" hits="2" signature="()V">
              <lines>
                <line number="415" hits="2"/>
              </lines>
            </method>
            <method name="handleSubmit" hits="9" signature="()V">
              <lines>
                <line number="420" hits="9"/>
              </lines>
            </method>
            <method name="(anonymous_52)" hits="30" signature="()V">
              <lines>
                <line number="450" hits="30"/>
              </lines>
            </method>
            <method name="(anonymous_53)" hits="37" signature="()V">
              <lines>
                <line number="459" hits="37"/>
              </lines>
            </method>
            <method name="(anonymous_54)" hits="1" signature="()V">
              <lines>
                <line number="464" hits="1"/>
              </lines>
            </method>
            <method name="(anonymous_55)" hits="124" signature="()V">
              <lines>
                <line number="465" hits="124"/>
              </lines>
            </method>
            <method name="(anonymous_56)" hits="23" signature="()V">
              <lines>
                <line number="470" hits="23"/>
              </lines>
            </method>
            <method name="(anonymous_57)" hits="11" signature="()V">
              <lines>
                <line number="475" hits="11"/>
              </lines>
            </method>
            <method name="(anonymous_58)" hits="1" signature="()V">
              <lines>
                <line number="481" hits="1"/>
              </lines>
            </method>
            <method name="(anonymous_59)" hits="1" signature="()V">
              <lines>
                <line number="483" hits="1"/>
              </lines>
            </method>
            <method name="(anonymous_60)" hits="1" signature="()V">
              <lines>
                <line number="490" hits="1"/>
              </lines>
            </method>
            <method name="(anonymous_61)" hits="1" signature="()V">
              <lines>
                <line number="497" hits="1"/>
              </lines>
            </method>
            <method name="AddEditDomainModal" hits="130" signature="()V">
              <lines>
                <line number="514" hits="130"/>
              </lines>
            </method>
            <method name="handleSubmit" hits="6" signature="()V">
              <lines>
                <line number="522" hits="6"/>
              </lines>
            </method>
            <method name="(anonymous_64)" hits="23" signature="()V">
              <lines>
                <line number="542" hits="23"/>
              </lines>
            </method>
            <method name="(anonymous_65)" hits="18" signature="()V">
              <lines>
                <line number="551" hits="18"/>
              </lines>
            </method>
            <method name="(anonymous_66)" hits="82" signature="()V">
              <lines>
                <line number="556" hits="82"/>
              </lines>
            </method>
            <method name="AccountsTab" hits="105" signature="()V">
              <lines>
                <line number="569" hits="105"/>
              </lines>
            </method>
            <method name="load" hits="27" signature="()V">
              <lines>
                <line number="580" hits="27"/>
              </lines>
            </method>
            <method name="(anonymous_69)" hits="25" signature="()V">
              <lines>
                <line number="589" hits="25"/>
              </lines>
            </method>
            <method name="(anonymous_70)" hits="1" signature="()V">
              <lines>
                <line number="592" hits="1"/>
              </lines>
            </method>
            <method name="(anonymous_71)" hits="24" signature="()V">
              <lines>
                <line number="601" hits="24"/>
              </lines>
            </method>
            <method name="handleDelete" hits="3" signature="()V">
              <lines>
                <line number="603" hits="3"/>
              </lines>
            </method>
            <method name="(anonymous_73)" hits="16" signature="()V">
              <lines>
                <line number="619" hits="16"/>
              </lines>
            </method>
            <method name="(anonymous_74)" hits="8" signature="()V">
              <lines>
                <line number="635" hits="8"/>
              </lines>
            </method>
            <method name="(anonymous_75)" hits="3" signature="()V">
              <lines>
                <line number="639" hits="3"/>
              </lines>
            </method>
            <method name="(anonymous_76)" hits="53" signature="()V">
              <lines>
                <line number="644" hits="53"/>
              </lines>
            </method>
            <method name="(anonymous_77)" hits="3" signature="()V">
              <lines>
                <line number="650" hits="3"/>
              </lines>
            </method>
            <method name="(anonymous_78)" hits="4" signature="()V">
              <lines>
                <line number="653" hits="4"/>
              </lines>
            </method>
            <method name="(anonymous_79)" hits="1" signature="()V">
              <lines>
                <line number="661" hits="1"/>
              </lines>
            </method>
            <method name="(anonymous_80)" hits="1" signature="()V">
              <lines>
                <line number="662" hits="1"/>
              </lines>
            </method>
            <method name="(anonymous_81)" hits="1" signature="()V">
              <lines>
                <line number="666" hits="1"/>
              </lines>
            </method>
            <method name="(anonymous_82)" hits="1" signature="()V">
              <lines>
                <line number="667" hits="1"/>
              </lines>
            </method>
            <method name="(anonymous_83)" hits="1" signature="()V">
              <lines>
                <line number="671" hits="1"/>
              </lines>
            </method>
            <method name="DomainsTab" hits="72" signature="()V">
              <lines>
                <line number="677" hits="72"/>
              </lines>
            </method>
            <method name="load" hits="19" signature="()V">
              <lines>
                <line number="685" hits="19"/>
              </lines>
            </method>
            <method name="(anonymous_86)" hits="16" signature="()V">
              <lines>
                <line number="696" hits="16"/>
              </lines>
            </method>
            <method name="handleDelete" hits="3" signature="()V">
              <lines>
                <line number="698" hits="3"/>
              </lines>
            </method>
            <method name="(anonymous_88)" hits="3" signature="()V">
              <lines>
                <line number="719" hits="3"/>
              </lines>
            </method>
            <method name="(anonymous_89)" hits="49" signature="()V">
              <lines>
                <line number="724" hits="49"/>
              </lines>
            </method>
            <method name="(anonymous_90)" hits="3" signature="()V">
              <lines>
                <line number="729" hits="3"/>
              </lines>
            </method>
            <method name="(anonymous_91)" hits="4" signature="()V">
              <lines>
                <line number="732" hits="4"/>
              </lines>
            </method>
            <method name="(anonymous_92)" hits="1" signature="()V">
              <lines>
                <line number="740" hits="1"/>
              </lines>
            </method>
            <method name="(anonymous_93)" hits="1" signature="()V">
              <lines>
                <line number="741" hits="1"/>
              </lines>
            </method>
            <method name="(anonymous_94)" hits="1" signature="()V">
              <lines>
                <line number="745" hits="1"/>
              </lines>
            </method>
            <method name="(anonymous_95)" hits="1" signature="()V">
              <lines>
                <line number="746" hits="1"/>
              </lines>
            </method>
            <method name="(anonymous_96)" hits="1" signature="()V">
              <lines>
                <line number="750" hits="1"/>
              </lines>
            </method>
            <method name="OwnershipTab" hits="1" signature="()V">
              <lines>
                <line number="756" hits="1"/>
              </lines>
            </method>
            <method name="AdminModal" hits="10" signature="()V">
              <lines>
                <line number="764" hits="10"/>
              </lines>
            </method>
            <method name="(anonymous_99)" hits="5" signature="()V">
              <lines>
                <line number="769" hits="5"/>
              </lines>
            </method>
            <method name="(anonymous_100)" hits="1" signature="()V">
              <lines>
                <line number="777" hits="1"/>
              </lines>
            </method>
            <method name="(anonymous_101)" hits="2" signature="()V">
              <lines>
                <line number="779" hits="2"/>
              </lines>
            </method>
            <method name="(anonymous_102)" hits="1" signature="()V">
              <lines>
                <line number="781" hits="1"/>
              </lines>
            </method>
            <method name="AliasesPage" hits="207" signature="()V">
              <lines>
                <line number="794" hits="207"/>
              </lines>
            </method>
            <method name="(anonymous_104)" hits="35" signature="()V">
              <lines>
                <line number="818" hits="35"/>
              </lines>
            </method>
            <method name="handleAlphaModeChange" hits="1" signature="()V">
              <lines>
                <line number="820" hits="1"/>
              </lines>
            </method>
            <method name="(anonymous_106)" hits="35" signature="()V">
              <lines>
                <line number="829" hits="35"/>
              </lines>
            </method>
            <method name="(anonymous_107)" hits="34" signature="()V">
              <lines>
                <line number="830" hits="34"/>
              </lines>
            </method>
            <method name="(anonymous_108)" hits="33" signature="()V">
              <lines>
                <line number="834" hits="33"/>
              </lines>
            </method>
            <method name="(anonymous_109)" hits="35" signature="()V">
              <lines>
                <line number="847" hits="35"/>
              </lines>
            </method>
            <method name="(anonymous_110)" hits="1" signature="()V">
              <lines>
                <line number="852" hits="1"/>
              </lines>
            </method>
            <method name="(anonymous_111)" hits="1" signature="()V">
              <lines>
                <line number="854" hits="1"/>
              </lines>
            </method>
            <method name="(anonymous_112)" hits="39" signature="()V">
              <lines>
                <line number="857" hits="39"/>
              </lines>
            </method>
            <method name="(anonymous_113)" hits="35" signature="()V">
              <lines>
                <line number="870" hits="35"/>
              </lines>
            </method>
            <method name="(anonymous_114)" hits="316" signature="()V">
              <lines>
                <line number="873" hits="316"/>
              </lines>
            </method>
            <method name="(anonymous_115)" hits="314" signature="()V">
              <lines>
                <line number="874" hits="314"/>
              </lines>
            </method>
            <method name="(anonymous_116)" hits="97" signature="()V">
              <lines>
                <line number="875" hits="97"/>
              </lines>
            </method>
            <method name="(anonymous_117)" hits="116" signature="()V">
              <lines>
                <line number="887" hits="116"/>
              </lines>
            </method>
            <method name="handleDelete" hits="4" signature="()V">
              <lines>
                <line number="892" hits="4"/>
              </lines>
            </method>
            <method name="(anonymous_119)" hits="3" signature="()V">
              <lines>
                <line number="897" hits="3"/>
              </lines>
            </method>
            <method name="(anonymous_120)" hits="5" signature="()V">
              <lines>
                <line number="897" hits="5"/>
              </lines>
            </method>
            <method name="handleAdd" hits="6" signature="()V">
              <lines>
                <line number="906" hits="6"/>
              </lines>
            </method>
            <method name="handleScroll" hits="1" signature="()V">
              <lines>
                <line number="922" hits="1"/>
              </lines>
            </method>
            <method name="scrollToLetter" hits="1" signature="()V">
              <lines>
                <line number="934" hits="1"/>
              </lines>
            </method>
            <method name="handleFullNameChange" hits="2" signature="()V">
              <lines>
                <line number="941" hits="2"/>
              </lines>
            </method>
            <method name="handleLogout" hits="1" signature="()V">
              <lines>
                <line number="946" hits="1"/>
              </lines>
            </method>
            <method name="(anonymous_126)" hits="2" signature="()V">
              <lines>
                <line number="965" hits="2"/>
              </lines>
            </method>
            <method name="(anonymous_127)" hits="2" signature="()V">
              <lines>
                <line number="966" hits="2"/>
              </lines>
            </method>
            <method name="(anonymous_128)" hits="1" signature="()V">
              <lines>
                <line number="990" hits="1"/>
              </lines>
            </method>
            <method name="(anonymous_129)" hits="10" signature="()V">
              <lines>
                <line number="992" hits="10"/>
              </lines>
            </method>
            <method name="(anonymous_130)" hits="61" signature="()V">
              <lines>
                <line number="1003" hits="61"/>
              </lines>
            </method>
            <method name="(anonymous_131)" hits="26" signature="()V">
              <lines>
                <line number="1031" hits="26"/>
              </lines>
            </method>
            <method name="(anonymous_132)" hits="36" signature="()V">
              <lines>
                <line number="1035" hits="36"/>
              </lines>
            </method>
            <method name="(anonymous_133)" hits="27" signature="()V">
              <lines>
                <line number="1041" hits="27"/>
              </lines>
            </method>
            <method name="(anonymous_134)" hits="1" signature="()V">
              <lines>
                <line number="1048" hits="1"/>
              </lines>
            </method>
            <method name="(anonymous_135)" hits="1" signature="()V">
              <lines>
                <line number="1054" hits="1"/>
              </lines>
            </method>
            <method name="(anonymous_136)" hits="26" signature="()V">
              <lines>
                <line number="1068" hits="26"/>
              </lines>
            </method>
            <method name="(anonymous_137)" hits="1" signature="()V">
              <lines>
                <line number="1072" hits="1"/>
              </lines>
            </method>
            <method name="(anonymous_138)" hits="164" signature="()V">
              <lines>
                <line number="1081" hits="164"/>
              </lines>
            </method>
            <method name="(anonymous_139)" hits="1" signature="()V">
              <lines>
                <line number="1088" hits="1"/>
              </lines>
            </method>
            <method name="(anonymous_140)" hits="3" signature="()V">
              <lines>
                <line number="1094" hits="3"/>
              </lines>
            </method>
            <method name="(anonymous_141)" hits="1" signature="()V">
              <lines>
                <line number="1107" hits="1"/>
              </lines>
            </method>
            <method name="(anonymous_142)" hits="1" signature="()V">
              <lines>
                <line number="1110" hits="1"/>
              </lines>
            </method>
          </methods>
          <lines>
            <line number="7" hits="207" branch="false"/>
            <line number="9" hits="207" branch="false"/>
            <line number="10" hits="1" branch="false"/>
            <line number="13" hits="207" branch="true" condition-coverage="100% (1/1)"/>
            <line number="14" hits="10" branch="false"/>
            <line number="15" hits="10" branch="false"/>
            <line number="16" hits="10" branch="true" condition-coverage="100% (2/2)"/>
            <line number="17" hits="6" branch="false"/>
            <line number="21" hits="207" branch="false"/>
            <line number="25" hits="176" branch="true" condition-coverage="100% (2/2)"/>
            <line number="26" hits="21" branch="false"/>
            <line number="29" hits="21" branch="false"/>
            <line number="32" hits="2" branch="false"/>
            <line number="41" hits="116" branch="false"/>
            <line number="51" hits="215" branch="false"/>
            <line number="64" hits="139" branch="false"/>
            <line number="74" hits="27" branch="false"/>
            <line number="83" hits="32" branch="false"/>
            <line number="93" hits="14" branch="false"/>
            <line number="102" hits="147" branch="false"/>
            <line number="114" hits="37" branch="false"/>
            <line number="125" hits="53" branch="false"/>
            <line number="126" hits="53" branch="false"/>
            <line number="127" hits="53" branch="false"/>
            <line number="128" hits="53" branch="false"/>
            <line number="129" hits="53" branch="false"/>
            <line number="130" hits="53" branch="false"/>
            <line number="133" hits="3" branch="false"/>
            <line number="134" hits="3" branch="true" condition-coverage="100% (2/2)"/>
            <line number="135" hits="1" branch="false"/>
            <line number="136" hits="1" branch="false"/>
            <line number="138" hits="2" branch="false"/>
            <line number="139" hits="2" branch="false"/>
            <line number="140" hits="2" branch="false"/>
            <line number="141" hits="2" branch="false"/>
            <line number="142" hits="1" branch="false"/>
            <line number="144" hits="1" branch="false"/>
            <line number="146" hits="2" branch="false"/>
            <line number="150" hits="53" branch="false"/>
            <line number="152" hits="14" branch="false"/>
            <line number="166" hits="13" branch="false"/>
            <line number="171" hits="14" branch="false"/>
            <line number="176" hits="14" branch="false"/>
            <line number="188" hits="2" branch="false"/>
            <line number="189" hits="2" branch="false"/>
            <line number="192" hits="71" branch="true" condition-coverage="100% (4/4)"/>
            <line number="194" hits="32" branch="false"/>
            <line number="195" hits="32" branch="true" condition-coverage="100% (2/2)"/>
            <line number="196" hits="71" branch="true" condition-coverage="100% (2/2)"/>
            <line number="197" hits="71" branch="false"/>
            <line number="198" hits="71" branch="false"/>
            <line number="199" hits="71" branch="false"/>
            <line number="200" hits="71" branch="true" condition-coverage="100% (2/2)"/>
            <line number="201" hits="71" branch="true" condition-coverage="100% (4/4)"/>
            <line number="203" hits="71" branch="false"/>
            <line number="220" hits="59" branch="true" condition-coverage="100% (4/4)"/>
            <line number="222" hits="5" branch="false"/>
            <line number="223" hits="5" branch="true" condition-coverage="100% (2/2)"/>
            <line number="224" hits="59" branch="true" condition-coverage="100% (2/2)"/>
            <line number="225" hits="59" branch="false"/>
            <line number="226" hits="59" branch="false"/>
            <line number="227" hits="59" branch="false"/>
            <line number="228" hits="59" branch="true" condition-coverage="100% (2/2)"/>
            <line number="229" hits="59" branch="true" condition-coverage="100% (4/4)"/>
            <line number="231" hits="59" branch="false"/>
            <line number="244" hits="255" branch="false"/>
            <line number="245" hits="255" branch="false"/>
            <line number="246" hits="255" branch="false"/>
            <line number="247" hits="255" branch="false"/>
            <line number="248" hits="255" branch="false"/>
            <line number="249" hits="255" branch="false"/>
            <line number="251" hits="255" branch="false"/>
            <line number="253" hits="26" branch="true" condition-coverage="100% (4/4)"/>
            <line number="254" hits="2" branch="false"/>
            <line number="257" hits="87" branch="true" condition-coverage="100% (2/2)"/>
            <line number="258" hits="87" branch="false"/>
            <line number="262" hits="7" branch="false"/>
            <line number="263" hits="7" branch="false"/>
            <line number="264" hits="7" branch="false"/>
            <line number="268" hits="1" branch="false"/>
            <line number="272" hits="5" branch="false"/>
            <line number="273" hits="5" branch="false"/>
            <line number="274" hits="5" branch="false"/>
            <line number="275" hits="4" branch="false"/>
            <line number="276" hits="4" branch="false"/>
            <line number="280" hits="5" branch="false"/>
            <line number="284" hits="255" branch="false"/>
            <line number="286" hits="25" branch="false"/>
            <line number="292" hits="1" branch="false"/>
            <line number="300" hits="19" branch="false"/>
            <line number="301" hits="17" branch="true" condition-coverage="100% (2/2)"/>
            <line number="330" hits="1" branch="false"/>
            <line number="345" hits="2" branch="false"/>
            <line number="354" hits="3" branch="false"/>
            <line number="359" hits="3" branch="false"/>
            <line number="381" hits="22" branch="false"/>
            <line number="383" hits="10" branch="false"/>
            <line number="404" hits="113" branch="true" condition-coverage="100% (2/2)"/>
            <line number="405" hits="113" branch="true" condition-coverage="66.66666666666666% (2/3)"/>
            <line number="406" hits="113" branch="false"/>
            <line number="407" hits="113" branch="true" condition-coverage="100% (2/2)"/>
            <line number="408" hits="113" branch="true" condition-coverage="100% (2/2)"/>
            <line number="409" hits="113" branch="true" condition-coverage="100% (2/2)"/>
            <line number="410" hits="113" branch="true" condition-coverage="100% (2/2)"/>
            <line number="411" hits="113" branch="false"/>
            <line number="412" hits="113" branch="false"/>
            <line number="413" hits="113" branch="false"/>
            <line number="416" hits="2" branch="false"/>
            <line number="417" hits="2" branch="false"/>
            <line number="421" hits="9" branch="false"/>
            <line number="422" hits="9" branch="true" condition-coverage="75% (3/4)"/>
            <line number="423" hits="9" branch="false"/>
            <line number="424" hits="9" branch="false"/>
            <line number="425" hits="9" branch="false"/>
            <line number="426" hits="9" branch="false"/>
            <line number="435" hits="9" branch="true" condition-coverage="100% (2/2)"/>
            <line number="436" hits="3" branch="false"/>
            <line number="438" hits="6" branch="false"/>
            <line number="440" hits="8" branch="false"/>
            <line number="442" hits="1" branch="true" condition-coverage="50% (1/2)"/>
            <line number="444" hits="9" branch="false"/>
            <line number="448" hits="113" branch="false"/>
            <line number="450" hits="30" branch="false"/>
            <line number="459" hits="37" branch="false"/>
            <line number="464" hits="1" branch="false"/>
            <line number="465" hits="124" branch="false"/>
            <line number="470" hits="23" branch="false"/>
            <line number="475" hits="11" branch="false"/>
            <line number="481" hits="1" branch="false"/>
            <line number="483" hits="1" branch="false"/>
            <line number="490" hits="1" branch="false"/>
            <line number="497" hits="1" branch="false"/>
            <line number="512" hits="2" branch="false"/>
            <line number="515" hits="130" branch="true" condition-coverage="100% (2/2)"/>
            <line number="516" hits="130" branch="true" condition-coverage="100% (2/2)"/>
            <line number="517" hits="130" branch="false"/>
            <line number="518" hits="130" branch="false"/>
            <line number="519" hits="130" branch="false"/>
            <line number="520" hits="130" branch="false"/>
            <line number="523" hits="6" branch="false"/>
            <line number="524" hits="6" branch="false"/>
            <line number="525" hits="6" branch="false"/>
            <line number="526" hits="6" branch="false"/>
            <line number="527" hits="6" branch="true" condition-coverage="100% (2/2)"/>
            <line number="528" hits="3" branch="false"/>
            <line number="530" hits="3" branch="false"/>
            <line number="532" hits="4" branch="false"/>
            <line number="534" hits="2" branch="true" condition-coverage="50% (1/2)"/>
            <line number="536" hits="6" branch="false"/>
            <line number="540" hits="130" branch="false"/>
            <line number="542" hits="23" branch="false"/>
            <line number="551" hits="18" branch="false"/>
            <line number="556" hits="82" branch="false"/>
            <line number="570" hits="105" branch="false"/>
            <line number="571" hits="105" branch="false"/>
            <line number="572" hits="105" branch="false"/>
            <line number="573" hits="105" branch="false"/>
            <line number="574" hits="105" branch="false"/>
            <line number="575" hits="105" branch="false"/>
            <line number="576" hits="105" branch="false"/>
            <line number="577" hits="105" branch="false"/>
            <line number="578" hits="105" branch="false"/>
            <line number="581" hits="27" branch="false"/>
            <line number="582" hits="27" branch="false"/>
            <line number="583" hits="27" branch="false"/>
            <line number="584" hits="27" branch="false"/>
            <line number="585" hits="26" branch="true" condition-coverage="100% (2/2)"/>
            <line number="586" hits="27" branch="false"/>
            <line number="587" hits="27" branch="true" condition-coverage="50% (1/2)"/>
            <line number="588" hits="27" branch="false"/>
            <line number="589" hits="27" branch="false"/>
            <line number="590" hits="25" branch="false"/>
            <line number="591" hits="25" branch="false"/>
            <line number="592" hits="1" branch="false"/>
            <line number="596" hits="1" branch="false"/>
            <line number="597" hits="1" branch="false"/>
            <line number="601" hits="105" branch="false"/>
            <line number="604" hits="3" branch="false"/>
            <line number="605" hits="3" branch="false"/>
            <line number="606" hits="3" branch="false"/>
            <line number="607" hits="1" branch="false"/>
            <line number="608" hits="1" branch="false"/>
            <line number="609" hits="1" branch="false"/>
            <line number="611" hits="2" branch="true" condition-coverage="100% (2/2)"/>
            <line number="613" hits="3" branch="false"/>
            <line number="617" hits="105" branch="false"/>
            <line number="618" hits="105" branch="true" condition-coverage="100% (2/2)"/>
            <line number="620" hits="16" branch="true" condition-coverage="100% (2/2)"/>
            <line number="624" hits="105" branch="true" condition-coverage="100% (2/2)"/>
            <line number="626" hits="54" branch="false"/>
            <line number="635" hits="8" branch="false"/>
            <line number="639" hits="3" branch="false"/>
            <line number="645" hits="53" branch="false"/>
            <line number="650" hits="3" branch="false"/>
            <line number="653" hits="4" branch="false"/>
            <line number="661" hits="1" branch="false"/>
            <line number="662" hits="1" branch="false"/>
            <line number="666" hits="1" branch="false"/>
            <line number="667" hits="1" branch="false"/>
            <line number="671" hits="1" branch="false"/>
            <line number="678" hits="72" branch="false"/>
            <line number="679" hits="72" branch="false"/>
            <line number="680" hits="72" branch="false"/>
            <line number="681" hits="72" branch="false"/>
            <line number="682" hits="72" branch="false"/>
            <line number="683" hits="72" branch="false"/>
            <line number="686" hits="19" branch="false"/>
            <line number="687" hits="19" branch="false"/>
            <line number="688" hits="19" branch="true" condition-coverage="100% (2/2)"/>
            <line number="690" hits="1" branch="false"/>
            <line number="692" hits="19" branch="false"/>
            <line number="696" hits="72" branch="false"/>
            <line number="699" hits="3" branch="false"/>
            <line number="700" hits="3" branch="false"/>
            <line number="701" hits="3" branch="false"/>
            <line number="702" hits="1" branch="false"/>
            <line number="703" hits="1" branch="false"/>
            <line number="704" hits="1" branch="false"/>
            <line number="706" hits="2" branch="true" condition-coverage="100% (2/2)"/>
            <line number="708" hits="3" branch="false"/>
            <line number="712" hits="72" branch="true" condition-coverage="100% (2/2)"/>
            <line number="714" hits="53" branch="false"/>
            <line number="719" hits="3" branch="false"/>
            <line number="725" hits="49" branch="false"/>
            <line number="729" hits="3" branch="false"/>
            <line number="732" hits="4" branch="false"/>
            <line number="740" hits="1" branch="false"/>
            <line number="741" hits="1" branch="false"/>
            <line number="745" hits="1" branch="false"/>
            <line number="746" hits="1" branch="false"/>
            <line number="750" hits="1" branch="false"/>
            <line number="757" hits="1" branch="false"/>
            <line number="765" hits="10" branch="false"/>
            <line number="767" hits="10" branch="false"/>
            <line number="769" hits="5" branch="false"/>
            <line number="777" hits="1" branch="false"/>
            <line number="779" hits="2" branch="false"/>
            <line number="781" hits="1" branch="false"/>
            <line number="795" hits="207" branch="false"/>
            <line number="797" hits="207" branch="false"/>
            <line number="798" hits="207" branch="false"/>
            <line number="799" hits="207" branch="false"/>
            <line number="800" hits="207" branch="false"/>
            <line number="801" hits="207" branch="false"/>
            <line number="802" hits="207" branch="false"/>
            <line number="803" hits="207" branch="false"/>
            <line number="804" hits="207" branch="false"/>
            <line number="806" hits="207" branch="false"/>
            <line number="807" hits="207" branch="false"/>
            <line number="808" hits="207" branch="false"/>
            <line number="809" hits="207" branch="false"/>
            <line number="811" hits="207" branch="false"/>
            <line number="813" hits="207" branch="false"/>
            <line number="814" hits="207" branch="false"/>
            <line number="815" hits="207" branch="false"/>
            <line number="816" hits="207" branch="false"/>
            <line number="817" hits="207" branch="false"/>
            <line number="818" hits="207" branch="false"/>
            <line number="821" hits="1" branch="false"/>
            <line number="822" hits="1" branch="false"/>
            <line number="825" hits="207" branch="false"/>
            <line number="826" hits="207" branch="false"/>
            <line number="827" hits="207" branch="false"/>
            <line number="829" hits="207" branch="false"/>
            <line number="830" hits="35" branch="false"/>
            <line number="831" hits="34" branch="true" condition-coverage="50% (1/2)"/>
            <line number="832" hits="34" branch="false"/>
            <line number="834" hits="34" branch="false"/>
            <line number="835" hits="34" branch="true" condition-coverage="100% (2/2)"/>
            <line number="836" hits="34" branch="true" condition-coverage="100% (2/2)"/>
            <line number="838" hits="34" branch="true" condition-coverage="100% (2/2)"/>
            <line number="840" hits="34" branch="true" condition-coverage="100% (2/2)"/>
            <line number="841" hits="34" branch="true" condition-coverage="100% (2/2)"/>
            <line number="842" hits="34" branch="false"/>
            <line number="843" hits="34" branch="false"/>
            <line number="847" hits="35" branch="true" condition-coverage="100% (2/2)"/>
            <line number="848" hits="34" branch="false"/>
            <line number="849" hits="34" branch="false"/>
            <line number="851" hits="34" branch="true" condition-coverage="100% (2/2)"/>
            <line number="854" hits="35" branch="false"/>
            <line number="857" hits="207" branch="false"/>
            <line number="858" hits="39" branch="false"/>
            <line number="859" hits="39" branch="false"/>
            <line number="860" hits="39" branch="false"/>
            <line number="861" hits="39" branch="false"/>
            <line number="862" hits="38" branch="true" condition-coverage="100% (2/2)"/>
            <line number="864" hits="1" branch="false"/>
            <line number="866" hits="39" branch="false"/>
            <line number="870" hits="207" branch="false"/>
            <line number="872" hits="207" branch="false"/>
            <line number="873" hits="316" branch="true" condition-coverage="100% (2/2)"/>
            <line number="874" hits="314" branch="true" condition-coverage="100% (2/2)"/>
            <line number="875" hits="97" branch="false"/>
            <line number="877" hits="207" branch="false"/>
            <line number="878" hits="207" branch="false"/>
            <line number="879" hits="207" branch="false"/>
            <line number="880" hits="198" branch="true" condition-coverage="50% (1/2)"/>
            <line number="881" hits="198" branch="true" condition-coverage="100% (2/2)"/>
            <line number="882" hits="116" branch="false"/>
            <line number="883" hits="116" branch="false"/>
            <line number="885" hits="198" branch="false"/>
            <line number="887" hits="207" branch="false"/>
            <line number="888" hits="207" branch="true" condition-coverage="100% (2/2)"/>
            <line number="893" hits="4" branch="false"/>
            <line number="894" hits="4" branch="false"/>
            <line number="895" hits="4" branch="false"/>
            <line number="896" hits="4" branch="false"/>
            <line number="897" hits="5" branch="true" condition-coverage="100% (2/2)"/>
            <line number="898" hits="3" branch="false"/>
            <line number="900" hits="1" branch="false"/>
            <line number="902" hits="4" branch="false"/>
            <line number="907" hits="6" branch="false"/>
            <line number="908" hits="6" branch="false"/>
            <line number="909" hits="6" branch="false"/>
            <line number="910" hits="3" branch="false"/>
            <line number="911" hits="3" branch="false"/>
            <line number="912" hits="3" branch="false"/>
            <line number="913" hits="3" branch="false"/>
            <line number="914" hits="3" branch="false"/>
            <line number="916" hits="3" branch="true" condition-coverage="100% (2/2)"/>
            <line number="918" hits="6" branch="false"/>
            <line number="923" hits="1" branch="false"/>
            <line number="924" hits="1" branch="true" condition-coverage="50% (1/2)"/>
            <line number="925" hits="1" branch="false"/>
            <line number="926" hits="1" branch="true" condition-coverage="50% (1/2)"/>
            <line number="927" hits="1" branch="false"/>
            <line number="928" hits="2" branch="false"/>
            <line number="929" hits="2" branch="true" condition-coverage="75% (3/4)"/>
            <line number="931" hits="1" branch="true" condition-coverage="50% (1/2)"/>
            <line number="935" hits="1" branch="false"/>
            <line number="936" hits="1" branch="false"/>
            <line number="937" hits="1" branch="true" condition-coverage="75% (3/4)"/>
            <line number="938" hits="1" branch="false"/>
            <line number="942" hits="2" branch="false"/>
            <line number="943" hits="2" branch="true" condition-coverage="100% (2/2)"/>
            <line number="947" hits="1" branch="false"/>
            <line number="948" hits="1" branch="false"/>
            <line number="951" hits="207" branch="false"/>
            <line number="965" hits="2" branch="false"/>
            <line number="966" hits="2" branch="false"/>
            <line number="990" hits="1" branch="false"/>
            <line number="993" hits="10" branch="false"/>
            <line number="1004" hits="61" branch="false"/>
            <line number="1005" hits="61" branch="true" condition-coverage="100% (4/4)"/>
            <line number="1006" hits="1" branch="false"/>
            <line number="1008" hits="61" branch="false"/>
            <line number="1032" hits="26" branch="false"/>
            <line number="1035" hits="36" branch="false"/>
            <line number="1042" hits="27" branch="false"/>
            <line number="1043" hits="27" branch="false"/>
            <line number="1044" hits="27" branch="false"/>
            <line number="1048" hits="1" branch="true" condition-coverage="100% (2/2)"/>
            <line number="1054" hits="1" branch="false"/>
            <line number="1069" hits="26" branch="false"/>
            <line number="1072" hits="1" branch="false"/>
            <line number="1082" hits="164" branch="false"/>
            <line number="1083" hits="164" branch="false"/>
            <line number="1084" hits="164" branch="false"/>
            <line number="1088" hits="1" branch="true" condition-coverage="100% (2/2)"/>
            <line number="1094" hits="3" branch="false"/>
            <line number="1107" hits="1" branch="false"/>
            <line number="1110" hits="1" branch="false"/>
          </lines>
        </class>
        <class name="LoginPage.jsx" filename="src\pages\LoginPage.jsx" line-rate="1" branch-rate="1">
          <methods>
            <method name="LoginPage" hits="127" signature="()V">
              <lines>
                <line number="4" hits="127"/>
              </lines>
            </method>
            <method name="handleSubmit" hits="5" signature="()V">
              <lines>
                <line number="11" hits="5"/>
              </lines>
            </method>
            <method name="(anonymous_2)" hits="80" signature="()V">
              <lines>
                <line number="39" hits="80"/>
              </lines>
            </method>
            <method name="(anonymous_3)" hits="30" signature="()V">
              <lines>
                <line number="51" hits="30"/>
              </lines>
            </method>
            <method name="(anonymous_4)" hits="1" signature="()V">
              <lines>
                <line number="61" hits="1"/>
              </lines>
            </method>
          </methods>
          <lines>
            <line number="5" hits="127" branch="false"/>
            <line number="6" hits="127" branch="false"/>
            <line number="7" hits="127" branch="false"/>
            <line number="8" hits="127" branch="false"/>
            <line number="9" hits="127" branch="false"/>
            <line number="12" hits="5" branch="false"/>
            <line number="13" hits="5" branch="false"/>
            <line number="14" hits="5" branch="false"/>
            <line number="15" hits="5" branch="false"/>
            <line number="16" hits="5" branch="false"/>
            <line number="17" hits="3" branch="false"/>
            <line number="18" hits="3" branch="false"/>
            <line number="20" hits="2" branch="false"/>
            <line number="22" hits="5" branch="false"/>
            <line number="26" hits="127" branch="false"/>
            <line number="39" hits="80" branch="false"/>
            <line number="51" hits="30" branch="false"/>
            <line number="61" hits="1" branch="false"/>
          </lines>
        </class>
      </classes>
    </package>
  </packages>
</coverage>
