<?xml version="1.0" ?>
<!DOCTYPE coverage SYSTEM "http://cobertura.sourceforge.net/xml/coverage-04.dtd">
<coverage lines-valid="442" lines-covered="381" line-rate="0.8619" branches-valid="293" branches-covered="237" branch-rate="0.8088" timestamp="1778749800533" complexity="0" version="0.1">
  <sources>
    <source>D:/development/repos/weesky.net-mail/src/frontend</source>
  </sources>
  <packages>
    <package name="src" line-rate="1" branch-rate="0.9615">
      <classes>
        <class name="App.jsx" filename="src\App.jsx" line-rate="1" branch-rate="1">
          <methods>
            <method name="App" hits="9" signature="()V">
              <lines>
                <line number="6" hits="9"/>
              </lines>
            </method>
            <method name="(anonymous_1)" hits="6" signature="()V">
              <lines>
                <line number="9" hits="6"/>
              </lines>
            </method>
            <method name="(anonymous_2)" hits="1" signature="()V">
              <lines>
                <line number="10" hits="1"/>
              </lines>
            </method>
            <method name="(anonymous_3)" hits="6" signature="()V">
              <lines>
                <line number="11" hits="6"/>
              </lines>
            </method>
            <method name="(anonymous_4)" hits="1" signature="()V">
              <lines>
                <line number="15" hits="1"/>
              </lines>
            </method>
            <method name="(anonymous_5)" hits="1" signature="()V">
              <lines>
                <line number="18" hits="1"/>
              </lines>
            </method>
          </methods>
          <lines>
            <line number="7" hits="9" branch="false"/>
            <line number="9" hits="9" branch="false"/>
            <line number="10" hits="6" branch="false"/>
            <line number="11" hits="6" branch="false"/>
            <line number="14" hits="9" branch="true" condition-coverage="100% (2/2)"/>
            <line number="15" hits="5" branch="false"/>
            <line number="18" hits="4" branch="false"/>
          </lines>
        </class>
        <class name="api.js" filename="src\api.js" line-rate="1" branch-rate="0.9582999999999999">
          <methods>
            <method name="setToken" hits="7" signature="()V">
              <lines>
                <line number="19" hits="7"/>
              </lines>
            </method>
            <method name="clearToken" hits="4" signature="()V">
              <lines>
                <line number="30" hits="4"/>
              </lines>
            </method>
            <method name="setIsAdmin" hits="4" signature="()V">
              <lines>
                <line number="37" hits="4"/>
              </lines>
            </method>
            <method name="getIsAdmin" hits="4" signature="()V">
              <lines>
                <line number="38" hits="4"/>
              </lines>
            </method>
            <method name="hasToken" hits="6" signature="()V">
              <lines>
                <line number="40" hits="6"/>
              </lines>
            </method>
            <method name="setUnauthorizedHandler" hits="1" signature="()V">
              <lines>
                <line number="44" hits="1"/>
              </lines>
            </method>
            <method name="request" hits="20" signature="()V">
              <lines>
                <line number="48" hits="20"/>
              </lines>
            </method>
            <method name="(anonymous_7)" hits="0" signature="()V">
              <lines>
                <line number="67" hits="0"/>
              </lines>
            </method>
            <method name="(anonymous_8)" hits="1" signature="()V">
              <lines>
                <line number="74" hits="1"/>
              </lines>
            </method>
            <method name="(anonymous_9)" hits="1" signature="()V">
              <lines>
                <line number="77" hits="1"/>
              </lines>
            </method>
            <method name="(anonymous_10)" hits="1" signature="()V">
              <lines>
                <line number="80" hits="1"/>
              </lines>
            </method>
            <method name="(anonymous_11)" hits="4" signature="()V">
              <lines>
                <line number="83" hits="4"/>
              </lines>
            </method>
            <method name="(anonymous_12)" hits="1" signature="()V">
              <lines>
                <line number="86" hits="1"/>
              </lines>
            </method>
            <method name="(anonymous_13)" hits="1" signature="()V">
              <lines>
                <line number="89" hits="1"/>
              </lines>
            </method>
            <method name="(anonymous_14)" hits="1" signature="()V">
              <lines>
                <line number="92" hits="1"/>
              </lines>
            </method>
            <method name="(anonymous_15)" hits="1" signature="()V">
              <lines>
                <line number="95" hits="1"/>
              </lines>
            </method>
            <method name="(anonymous_16)" hits="1" signature="()V">
              <lines>
                <line number="98" hits="1"/>
              </lines>
            </method>
            <method name="(anonymous_17)" hits="1" signature="()V">
              <lines>
                <line number="101" hits="1"/>
              </lines>
            </method>
            <method name="(anonymous_18)" hits="1" signature="()V">
              <lines>
                <line number="104" hits="1"/>
              </lines>
            </method>
            <method name="(anonymous_19)" hits="1" signature="()V">
              <lines>
                <line number="107" hits="1"/>
              </lines>
            </method>
            <method name="(anonymous_20)" hits="1" signature="()V">
              <lines>
                <line number="110" hits="1"/>
              </lines>
            </method>
            <method name="(anonymous_21)" hits="1" signature="()V">
              <lines>
                <line number="113" hits="1"/>
              </lines>
            </method>
            <method name="(anonymous_22)" hits="1" signature="()V">
              <lines>
                <line number="116" hits="1"/>
              </lines>
            </method>
            <method name="(anonymous_23)" hits="1" signature="()V">
              <lines>
                <line number="119" hits="1"/>
              </lines>
            </method>
            <method name="(anonymous_24)" hits="1" signature="()V">
              <lines>
                <line number="122" hits="1"/>
              </lines>
            </method>
          </methods>
          <lines>
            <line number="1" hits="33" branch="true" condition-coverage="100% (2/2)"/>
            <line number="2" hits="33" branch="false"/>
            <line number="3" hits="33" branch="false"/>
            <line number="5" hits="33" branch="false"/>
            <line number="6" hits="33" branch="false"/>
            <line number="7" hits="33" branch="false"/>
            <line number="10" hits="33" branch="false"/>
            <line number="11" hits="33" branch="false"/>
            <line number="12" hits="33" branch="true" condition-coverage="100% (5/5)"/>
            <line number="13" hits="1" branch="false"/>
            <line number="15" hits="32" branch="false"/>
            <line number="16" hits="32" branch="false"/>
            <line number="20" hits="7" branch="false"/>
            <line number="21" hits="7" branch="true" condition-coverage="100% (2/2)"/>
            <line number="22" hits="2" branch="false"/>
            <line number="23" hits="2" branch="false"/>
            <line number="25" hits="5" branch="false"/>
            <line number="26" hits="5" branch="false"/>
            <line number="31" hits="4" branch="false"/>
            <line number="32" hits="4" branch="false"/>
            <line number="33" hits="4" branch="false"/>
            <line number="34" hits="4" branch="false"/>
            <line number="37" hits="4" branch="false"/>
            <line number="38" hits="4" branch="false"/>
            <line number="41" hits="6" branch="false"/>
            <line number="45" hits="1" branch="false"/>
            <line number="49" hits="20" branch="false"/>
            <line number="50" hits="20" branch="true" condition-coverage="100% (2/2)"/>
            <line number="51" hits="20" branch="true" condition-coverage="100% (2/2)"/>
            <line number="53" hits="20" branch="false"/>
            <line number="59" hits="20" branch="true" condition-coverage="100% (2/2)"/>
            <line number="60" hits="1" branch="false"/>
            <line number="61" hits="1" branch="false"/>
            <line number="62" hits="1" branch="false"/>
            <line number="65" hits="19" branch="true" condition-coverage="100% (2/2)"/>
            <line number="66" hits="18" branch="true" condition-coverage="100% (2/2)"/>
            <line number="67" hits="1" branch="false"/>
            <line number="68" hits="1" branch="true" condition-coverage="50% (1/2)"/>
            <line number="70" hits="17" branch="false"/>
            <line number="73" hits="33" branch="false"/>
            <line number="75" hits="1" branch="false"/>
            <line number="78" hits="1" branch="false"/>
            <line number="81" hits="1" branch="false"/>
            <line number="84" hits="4" branch="false"/>
            <line number="87" hits="1" branch="false"/>
            <line number="90" hits="1" branch="false"/>
            <line number="93" hits="1" branch="false"/>
            <line number="96" hits="1" branch="false"/>
            <line number="99" hits="1" branch="false"/>
            <line number="102" hits="1" branch="false"/>
            <line number="105" hits="1" branch="false"/>
            <line number="108" hits="1" branch="false"/>
            <line number="111" hits="1" branch="false"/>
            <line number="114" hits="1" branch="false"/>
            <line number="117" hits="1" branch="false"/>
            <line number="120" hits="1" branch="false"/>
            <line number="123" hits="1" branch="false"/>
          </lines>
        </class>
      </classes>
    </package>
    <package name="src.assets" line-rate="1" branch-rate="1">
      <classes>
        <class name="logo_circle.jpg" filename="src\assets\logo_circle.jpg" line-rate="1" branch-rate="1">
          <methods>
          </methods>
          <lines>
          </lines>
        </class>
        <class name="weesky_net.png" filename="src\assets\weesky_net.png" line-rate="1" branch-rate="1">
          <methods>
          </methods>
          <lines>
          </lines>
        </class>
      </classes>
    </package>
    <package name="src.pages" line-rate="0.8386" branch-rate="0.794">
      <classes>
        <class name="AliasesPage.jsx" filename="src\pages\AliasesPage.jsx" line-rate="0.8305" branch-rate="0.7908">
          <methods>
            <method name="useToasts" hits="111" signature="()V">
              <lines>
                <line number="6" hits="111"/>
              </lines>
            </method>
            <method name="(anonymous_1)" hits="0" signature="()V">
              <lines>
                <line number="9" hits="0"/>
              </lines>
            </method>
            <method name="(anonymous_2)" hits="0" signature="()V">
              <lines>
                <line number="10" hits="0"/>
              </lines>
            </method>
            <method name="(anonymous_3)" hits="0" signature="()V">
              <lines>
                <line number="10" hits="0"/>
              </lines>
            </method>
            <method name="(anonymous_4)" hits="5" signature="()V">
              <lines>
                <line number="13" hits="5"/>
              </lines>
            </method>
            <method name="(anonymous_5)" hits="5" signature="()V">
              <lines>
                <line number="15" hits="5"/>
              </lines>
            </method>
            <method name="(anonymous_6)" hits="0" signature="()V">
              <lines>
                <line number="17" hits="0"/>
              </lines>
            </method>
            <method name="(anonymous_7)" hits="0" signature="()V">
              <lines>
                <line number="17" hits="0"/>
              </lines>
            </method>
            <method name="(anonymous_8)" hits="0" signature="()V">
              <lines>
                <line number="17" hits="0"/>
              </lines>
            </method>
            <method name="Toasts" hits="97" signature="()V">
              <lines>
                <line number="24" hits="97"/>
              </lines>
            </method>
            <method name="(anonymous_10)" hits="10" signature="()V">
              <lines>
                <line number="28" hits="10"/>
              </lines>
            </method>
            <method name="(anonymous_11)" hits="1" signature="()V">
              <lines>
                <line number="32" hits="1"/>
              </lines>
            </method>
            <method name="LockIcon" hits="101" signature="()V">
              <lines>
                <line number="40" hits="101"/>
              </lines>
            </method>
            <method name="TrashIcon" hits="90" signature="()V">
              <lines>
                <line number="50" hits="90"/>
              </lines>
            </method>
            <method name="PencilIcon" hits="64" signature="()V">
              <lines>
                <line number="63" hits="64"/>
              </lines>
            </method>
            <method name="CheckIcon" hits="23" signature="()V">
              <lines>
                <line number="73" hits="23"/>
              </lines>
            </method>
            <method name="XIcon" hits="26" signature="()V">
              <lines>
                <line number="82" hits="26"/>
              </lines>
            </method>
            <method name="ShieldIcon" hits="9" signature="()V">
              <lines>
                <line number="92" hits="9"/>
              </lines>
            </method>
            <method name="PersonPlusIcon" hits="51" signature="()V">
              <lines>
                <line number="101" hits="51"/>
              </lines>
            </method>
            <method name="GlobeIcon" hits="3" signature="()V">
              <lines>
                <line number="113" hits="3"/>
              </lines>
            </method>
            <method name="ChangePasswordModal" hits="52" signature="()V">
              <lines>
                <line number="124" hits="52"/>
              </lines>
            </method>
            <method name="handleSubmit" hits="3" signature="()V">
              <lines>
                <line number="132" hits="3"/>
              </lines>
            </method>
            <method name="(anonymous_22)" hits="13" signature="()V">
              <lines>
                <line number="152" hits="13"/>
              </lines>
            </method>
            <method name="(anonymous_23)" hits="13" signature="()V">
              <lines>
                <line number="166" hits="13"/>
              </lines>
            </method>
            <method name="(anonymous_24)" hits="14" signature="()V">
              <lines>
                <line number="171" hits="14"/>
              </lines>
            </method>
            <method name="(anonymous_25)" hits="14" signature="()V">
              <lines>
                <line number="176" hits="14"/>
              </lines>
            </method>
            <method name="QuotaBlock" hits="57" signature="()V">
              <lines>
                <line number="191" hits="57"/>
              </lines>
            </method>
            <method name="(anonymous_27)" hits="50" signature="()V">
              <lines>
                <line number="200" hits="50"/>
              </lines>
            </method>
            <method name="QuotaMini" hits="28" signature="()V">
              <lines>
                <line number="219" hits="28"/>
              </lines>
            </method>
            <method name="(anonymous_29)" hits="8" signature="()V">
              <lines>
                <line number="228" hits="8"/>
              </lines>
            </method>
            <method name="AccountPanel" hits="156" signature="()V">
              <lines>
                <line number="243" hits="156"/>
              </lines>
            </method>
            <method name="(anonymous_31)" hits="54" signature="()V">
              <lines>
                <line number="251" hits="54"/>
              </lines>
            </method>
            <method name="handleClickOutside" hits="18" signature="()V">
              <lines>
                <line number="252" hits="18"/>
              </lines>
            </method>
            <method name="(anonymous_33)" hits="54" signature="()V">
              <lines>
                <line number="258" hits="54"/>
              </lines>
            </method>
            <method name="handleEdit" hits="5" signature="()V">
              <lines>
                <line number="261" hits="5"/>
              </lines>
            </method>
            <method name="(anonymous_35)" hits="5" signature="()V">
              <lines>
                <line number="264" hits="5"/>
              </lines>
            </method>
            <method name="handleCancel" hits="1" signature="()V">
              <lines>
                <line number="267" hits="1"/>
              </lines>
            </method>
            <method name="handleConfirm" hits="3" signature="()V">
              <lines>
                <line number="271" hits="3"/>
              </lines>
            </method>
            <method name="(anonymous_38)" hits="18" signature="()V">
              <lines>
                <line number="286" hits="18"/>
              </lines>
            </method>
            <method name="(anonymous_39)" hits="18" signature="()V">
              <lines>
                <line number="286" hits="18"/>
              </lines>
            </method>
            <method name="(anonymous_40)" hits="0" signature="()V">
              <lines>
                <line number="292" hits="0"/>
              </lines>
            </method>
            <method name="(anonymous_41)" hits="18" signature="()V">
              <lines>
                <line number="300" hits="18"/>
              </lines>
            </method>
            <method name="(anonymous_42)" hits="17" signature="()V">
              <lines>
                <line number="301" hits="17"/>
              </lines>
            </method>
            <method name="(anonymous_43)" hits="1" signature="()V">
              <lines>
                <line number="329" hits="1"/>
              </lines>
            </method>
            <method name="(anonymous_44)" hits="2" signature="()V">
              <lines>
                <line number="345" hits="2"/>
              </lines>
            </method>
            <method name="(anonymous_45)" hits="2" signature="()V">
              <lines>
                <line number="354" hits="2"/>
              </lines>
            </method>
            <method name="(anonymous_46)" hits="2" signature="()V">
              <lines>
                <line number="359" hits="2"/>
              </lines>
            </method>
            <method name="DeleteConfirmModal" hits="6" signature="()V">
              <lines>
                <line number="380" hits="6"/>
              </lines>
            </method>
            <method name="(anonymous_48)" hits="3" signature="()V">
              <lines>
                <line number="383" hits="3"/>
              </lines>
            </method>
            <method name="AddEditUserModal" hits="47" signature="()V">
              <lines>
                <line number="403" hits="47"/>
              </lines>
            </method>
            <method name="handleQuotaSlider" hits="0" signature="()V">
              <lines>
                <line number="415" hits="0"/>
              </lines>
            </method>
            <method name="handleSubmit" hits="4" signature="()V">
              <lines>
                <line number="420" hits="4"/>
              </lines>
            </method>
            <method name="(anonymous_52)" hits="10" signature="()V">
              <lines>
                <line number="450" hits="10"/>
              </lines>
            </method>
            <method name="(anonymous_53)" hits="15" signature="()V">
              <lines>
                <line number="459" hits="15"/>
              </lines>
            </method>
            <method name="(anonymous_54)" hits="0" signature="()V">
              <lines>
                <line number="464" hits="0"/>
              </lines>
            </method>
            <method name="(anonymous_55)" hits="47" signature="()V">
              <lines>
                <line number="465" hits="47"/>
              </lines>
            </method>
            <method name="(anonymous_56)" hits="15" signature="()V">
              <lines>
                <line number="470" hits="15"/>
              </lines>
            </method>
            <method name="(anonymous_57)" hits="0" signature="()V">
              <lines>
                <line number="475" hits="0"/>
              </lines>
            </method>
            <method name="(anonymous_58)" hits="0" signature="()V">
              <lines>
                <line number="481" hits="0"/>
              </lines>
            </method>
            <method name="(anonymous_59)" hits="0" signature="()V">
              <lines>
                <line number="483" hits="0"/>
              </lines>
            </method>
            <method name="(anonymous_60)" hits="0" signature="()V">
              <lines>
                <line number="490" hits="0"/>
              </lines>
            </method>
            <method name="(anonymous_61)" hits="0" signature="()V">
              <lines>
                <line number="497" hits="0"/>
              </lines>
            </method>
            <method name="AddEditDomainModal" hits="33" signature="()V">
              <lines>
                <line number="512" hits="33"/>
              </lines>
            </method>
            <method name="handleSubmit" hits="2" signature="()V">
              <lines>
                <line number="519" hits="2"/>
              </lines>
            </method>
            <method name="(anonymous_64)" hits="5" signature="()V">
              <lines>
                <line number="539" hits="5"/>
              </lines>
            </method>
            <method name="(anonymous_65)" hits="3" signature="()V">
              <lines>
                <line number="548" hits="3"/>
              </lines>
            </method>
            <method name="(anonymous_66)" hits="22" signature="()V">
              <lines>
                <line number="553" hits="22"/>
              </lines>
            </method>
            <method name="AccountsTab" hits="39" signature="()V">
              <lines>
                <line number="564" hits="39"/>
              </lines>
            </method>
            <method name="load" hits="10" signature="()V">
              <lines>
                <line number="575" hits="10"/>
              </lines>
            </method>
            <method name="(anonymous_69)" hits="11" signature="()V">
              <lines>
                <line number="584" hits="11"/>
              </lines>
            </method>
            <method name="(anonymous_70)" hits="0" signature="()V">
              <lines>
                <line number="587" hits="0"/>
              </lines>
            </method>
            <method name="(anonymous_71)" hits="9" signature="()V">
              <lines>
                <line number="596" hits="9"/>
              </lines>
            </method>
            <method name="handleDelete" hits="1" signature="()V">
              <lines>
                <line number="598" hits="1"/>
              </lines>
            </method>
            <method name="(anonymous_73)" hits="16" signature="()V">
              <lines>
                <line number="614" hits="16"/>
              </lines>
            </method>
            <method name="(anonymous_74)" hits="8" signature="()V">
              <lines>
                <line number="630" hits="8"/>
              </lines>
            </method>
            <method name="(anonymous_75)" hits="0" signature="()V">
              <lines>
                <line number="634" hits="0"/>
              </lines>
            </method>
            <method name="(anonymous_76)" hits="22" signature="()V">
              <lines>
                <line number="639" hits="22"/>
              </lines>
            </method>
            <method name="(anonymous_77)" hits="0" signature="()V">
              <lines>
                <line number="645" hits="0"/>
              </lines>
            </method>
            <method name="(anonymous_78)" hits="1" signature="()V">
              <lines>
                <line number="648" hits="1"/>
              </lines>
            </method>
            <method name="(anonymous_79)" hits="0" signature="()V">
              <lines>
                <line number="656" hits="0"/>
              </lines>
            </method>
            <method name="(anonymous_80)" hits="0" signature="()V">
              <lines>
                <line number="657" hits="0"/>
              </lines>
            </method>
            <method name="(anonymous_81)" hits="0" signature="()V">
              <lines>
                <line number="661" hits="0"/>
              </lines>
            </method>
            <method name="(anonymous_82)" hits="0" signature="()V">
              <lines>
                <line number="662" hits="0"/>
              </lines>
            </method>
            <method name="(anonymous_83)" hits="0" signature="()V">
              <lines>
                <line number="666" hits="0"/>
              </lines>
            </method>
            <method name="DomainsTab" hits="9" signature="()V">
              <lines>
                <line number="672" hits="9"/>
              </lines>
            </method>
            <method name="load" hits="3" signature="()V">
              <lines>
                <line number="680" hits="3"/>
              </lines>
            </method>
            <method name="(anonymous_86)" hits="3" signature="()V">
              <lines>
                <line number="691" hits="3"/>
              </lines>
            </method>
            <method name="handleDelete" hits="0" signature="()V">
              <lines>
                <line number="693" hits="0"/>
              </lines>
            </method>
            <method name="(anonymous_88)" hits="0" signature="()V">
              <lines>
                <line number="714" hits="0"/>
              </lines>
            </method>
            <method name="(anonymous_89)" hits="6" signature="()V">
              <lines>
                <line number="719" hits="6"/>
              </lines>
            </method>
            <method name="(anonymous_90)" hits="0" signature="()V">
              <lines>
                <line number="724" hits="0"/>
              </lines>
            </method>
            <method name="(anonymous_91)" hits="0" signature="()V">
              <lines>
                <line number="727" hits="0"/>
              </lines>
            </method>
            <method name="(anonymous_92)" hits="0" signature="()V">
              <lines>
                <line number="735" hits="0"/>
              </lines>
            </method>
            <method name="(anonymous_93)" hits="0" signature="()V">
              <lines>
                <line number="736" hits="0"/>
              </lines>
            </method>
            <method name="(anonymous_94)" hits="0" signature="()V">
              <lines>
                <line number="740" hits="0"/>
              </lines>
            </method>
            <method name="(anonymous_95)" hits="0" signature="()V">
              <lines>
                <line number="741" hits="0"/>
              </lines>
            </method>
            <method name="(anonymous_96)" hits="0" signature="()V">
              <lines>
                <line number="745" hits="0"/>
              </lines>
            </method>
            <method name="OwnershipTab" hits="1" signature="()V">
              <lines>
                <line number="751" hits="1"/>
              </lines>
            </method>
            <method name="AdminModal" hits="6" signature="()V">
              <lines>
                <line number="759" hits="6"/>
              </lines>
            </method>
            <method name="(anonymous_99)" hits="2" signature="()V">
              <lines>
                <line number="764" hits="2"/>
              </lines>
            </method>
            <method name="(anonymous_100)" hits="0" signature="()V">
              <lines>
                <line number="772" hits="0"/>
              </lines>
            </method>
            <method name="(anonymous_101)" hits="1" signature="()V">
              <lines>
                <line number="774" hits="1"/>
              </lines>
            </method>
            <method name="(anonymous_102)" hits="1" signature="()V">
              <lines>
                <line number="776" hits="1"/>
              </lines>
            </method>
            <method name="AliasesPage" hits="111" signature="()V">
              <lines>
                <line number="789" hits="111"/>
              </lines>
            </method>
            <method name="(anonymous_104)" hits="18" signature="()V">
              <lines>
                <line number="813" hits="18"/>
              </lines>
            </method>
            <method name="handleAlphaModeChange" hits="1" signature="()V">
              <lines>
                <line number="815" hits="1"/>
              </lines>
            </method>
            <method name="(anonymous_106)" hits="18" signature="()V">
              <lines>
                <line number="824" hits="18"/>
              </lines>
            </method>
            <method name="(anonymous_107)" hits="18" signature="()V">
              <lines>
                <line number="825" hits="18"/>
              </lines>
            </method>
            <method name="(anonymous_108)" hits="18" signature="()V">
              <lines>
                <line number="829" hits="18"/>
              </lines>
            </method>
            <method name="(anonymous_109)" hits="19" signature="()V">
              <lines>
                <line number="842" hits="19"/>
              </lines>
            </method>
            <method name="(anonymous_110)" hits="0" signature="()V">
              <lines>
                <line number="847" hits="0"/>
              </lines>
            </method>
            <method name="(anonymous_111)" hits="0" signature="()V">
              <lines>
                <line number="849" hits="0"/>
              </lines>
            </method>
            <method name="(anonymous_112)" hits="19" signature="()V">
              <lines>
                <line number="852" hits="19"/>
              </lines>
            </method>
            <method name="(anonymous_113)" hits="18" signature="()V">
              <lines>
                <line number="865" hits="18"/>
              </lines>
            </method>
            <method name="(anonymous_114)" hits="178" signature="()V">
              <lines>
                <line number="868" hits="178"/>
              </lines>
            </method>
            <method name="(anonymous_115)" hits="178" signature="()V">
              <lines>
                <line number="869" hits="178"/>
              </lines>
            </method>
            <method name="(anonymous_116)" hits="50" signature="()V">
              <lines>
                <line number="870" hits="50"/>
              </lines>
            </method>
            <method name="(anonymous_117)" hits="55" signature="()V">
              <lines>
                <line number="882" hits="55"/>
              </lines>
            </method>
            <method name="handleDelete" hits="2" signature="()V">
              <lines>
                <line number="887" hits="2"/>
              </lines>
            </method>
            <method name="(anonymous_119)" hits="2" signature="()V">
              <lines>
                <line number="892" hits="2"/>
              </lines>
            </method>
            <method name="(anonymous_120)" hits="4" signature="()V">
              <lines>
                <line number="892" hits="4"/>
              </lines>
            </method>
            <method name="handleAdd" hits="2" signature="()V">
              <lines>
                <line number="901" hits="2"/>
              </lines>
            </method>
            <method name="handleScroll" hits="0" signature="()V">
              <lines>
                <line number="917" hits="0"/>
              </lines>
            </method>
            <method name="scrollToLetter" hits="0" signature="()V">
              <lines>
                <line number="929" hits="0"/>
              </lines>
            </method>
            <method name="handleFullNameChange" hits="1" signature="()V">
              <lines>
                <line number="936" hits="1"/>
              </lines>
            </method>
            <method name="handleLogout" hits="1" signature="()V">
              <lines>
                <line number="941" hits="1"/>
              </lines>
            </method>
            <method name="(anonymous_126)" hits="1" signature="()V">
              <lines>
                <line number="960" hits="1"/>
              </lines>
            </method>
            <method name="(anonymous_127)" hits="1" signature="()V">
              <lines>
                <line number="961" hits="1"/>
              </lines>
            </method>
            <method name="(anonymous_128)" hits="0" signature="()V">
              <lines>
                <line number="985" hits="0"/>
              </lines>
            </method>
            <method name="(anonymous_129)" hits="4" signature="()V">
              <lines>
                <line number="987" hits="4"/>
              </lines>
            </method>
            <method name="(anonymous_130)" hits="43" signature="()V">
              <lines>
                <line number="998" hits="43"/>
              </lines>
            </method>
            <method name="(anonymous_131)" hits="5" signature="()V">
              <lines>
                <line number="1026" hits="5"/>
              </lines>
            </method>
            <method name="(anonymous_132)" hits="6" signature="()V">
              <lines>
                <line number="1030" hits="6"/>
              </lines>
            </method>
            <method name="(anonymous_133)" hits="6" signature="()V">
              <lines>
                <line number="1036" hits="6"/>
              </lines>
            </method>
            <method name="(anonymous_134)" hits="0" signature="()V">
              <lines>
                <line number="1043" hits="0"/>
              </lines>
            </method>
            <method name="(anonymous_135)" hits="0" signature="()V">
              <lines>
                <line number="1049" hits="0"/>
              </lines>
            </method>
            <method name="(anonymous_136)" hits="5" signature="()V">
              <lines>
                <line number="1063" hits="5"/>
              </lines>
            </method>
            <method name="(anonymous_137)" hits="0" signature="()V">
              <lines>
                <line number="1067" hits="0"/>
              </lines>
            </method>
            <method name="(anonymous_138)" hits="93" signature="()V">
              <lines>
                <line number="1076" hits="93"/>
              </lines>
            </method>
            <method name="(anonymous_139)" hits="0" signature="()V">
              <lines>
                <line number="1083" hits="0"/>
              </lines>
            </method>
            <method name="(anonymous_140)" hits="2" signature="()V">
              <lines>
                <line number="1089" hits="2"/>
              </lines>
            </method>
            <method name="(anonymous_141)" hits="0" signature="()V">
              <lines>
                <line number="1102" hits="0"/>
              </lines>
            </method>
            <method name="(anonymous_142)" hits="0" signature="()V">
              <lines>
                <line number="1105" hits="0"/>
              </lines>
            </method>
          </methods>
          <lines>
            <line number="7" hits="111" branch="false"/>
            <line number="9" hits="111" branch="false"/>
            <line number="10" hits="0" branch="false"/>
            <line number="13" hits="111" branch="true" condition-coverage="100% (1/1)"/>
            <line number="14" hits="5" branch="false"/>
            <line number="15" hits="5" branch="false"/>
            <line number="16" hits="5" branch="true" condition-coverage="100% (2/2)"/>
            <line number="17" hits="3" branch="false"/>
            <line number="21" hits="111" branch="false"/>
            <line number="25" hits="97" branch="true" condition-coverage="100% (2/2)"/>
            <line number="26" hits="10" branch="false"/>
            <line number="29" hits="10" branch="false"/>
            <line number="32" hits="1" branch="false"/>
            <line number="41" hits="101" branch="false"/>
            <line number="51" hits="90" branch="false"/>
            <line number="64" hits="64" branch="false"/>
            <line number="74" hits="23" branch="false"/>
            <line number="83" hits="26" branch="false"/>
            <line number="93" hits="9" branch="false"/>
            <line number="102" hits="51" branch="false"/>
            <line number="114" hits="3" branch="false"/>
            <line number="125" hits="52" branch="false"/>
            <line number="126" hits="52" branch="false"/>
            <line number="127" hits="52" branch="false"/>
            <line number="128" hits="52" branch="false"/>
            <line number="129" hits="52" branch="false"/>
            <line number="130" hits="52" branch="false"/>
            <line number="133" hits="3" branch="false"/>
            <line number="134" hits="3" branch="true" condition-coverage="100% (2/2)"/>
            <line number="135" hits="1" branch="false"/>
            <line number="136" hits="1" branch="false"/>
            <line number="138" hits="2" branch="false"/>
            <line number="139" hits="2" branch="false"/>
            <line number="140" hits="2" branch="false"/>
            <line number="141" hits="2" branch="false"/>
            <line number="142" hits="1" branch="false"/>
            <line number="144" hits="1" branch="false"/>
            <line number="146" hits="2" branch="false"/>
            <line number="150" hits="52" branch="false"/>
            <line number="152" hits="13" branch="false"/>
            <line number="166" hits="13" branch="false"/>
            <line number="171" hits="14" branch="false"/>
            <line number="176" hits="14" branch="false"/>
            <line number="188" hits="2" branch="false"/>
            <line number="189" hits="2" branch="false"/>
            <line number="192" hits="57" branch="true" condition-coverage="100% (4/4)"/>
            <line number="194" hits="25" branch="false"/>
            <line number="195" hits="25" branch="true" condition-coverage="100% (2/2)"/>
            <line number="196" hits="57" branch="true" condition-coverage="100% (2/2)"/>
            <line number="197" hits="57" branch="false"/>
            <line number="198" hits="57" branch="false"/>
            <line number="199" hits="57" branch="false"/>
            <line number="200" hits="57" branch="true" condition-coverage="100% (2/2)"/>
            <line number="201" hits="57" branch="true" condition-coverage="100% (4/4)"/>
            <line number="203" hits="57" branch="false"/>
            <line number="220" hits="28" branch="true" condition-coverage="100% (4/4)"/>
            <line number="222" hits="4" branch="false"/>
            <line number="223" hits="4" branch="true" condition-coverage="100% (2/2)"/>
            <line number="224" hits="28" branch="true" condition-coverage="100% (2/2)"/>
            <line number="225" hits="28" branch="false"/>
            <line number="226" hits="28" branch="false"/>
            <line number="227" hits="28" branch="false"/>
            <line number="228" hits="28" branch="true" condition-coverage="100% (2/2)"/>
            <line number="229" hits="28" branch="true" condition-coverage="100% (4/4)"/>
            <line number="231" hits="28" branch="false"/>
            <line number="244" hits="156" branch="false"/>
            <line number="245" hits="156" branch="false"/>
            <line number="246" hits="156" branch="false"/>
            <line number="247" hits="156" branch="false"/>
            <line number="248" hits="156" branch="false"/>
            <line number="249" hits="156" branch="false"/>
            <line number="251" hits="156" branch="false"/>
            <line number="253" hits="18" branch="true" condition-coverage="75% (3/4)"/>
            <line number="254" hits="0" branch="false"/>
            <line number="257" hits="54" branch="true" condition-coverage="100% (2/2)"/>
            <line number="258" hits="54" branch="false"/>
            <line number="262" hits="5" branch="false"/>
            <line number="263" hits="5" branch="false"/>
            <line number="264" hits="5" branch="false"/>
            <line number="268" hits="1" branch="false"/>
            <line number="272" hits="3" branch="false"/>
            <line number="273" hits="3" branch="false"/>
            <line number="274" hits="3" branch="false"/>
            <line number="275" hits="3" branch="false"/>
            <line number="276" hits="3" branch="false"/>
            <line number="280" hits="3" branch="false"/>
            <line number="284" hits="156" branch="false"/>
            <line number="286" hits="18" branch="false"/>
            <line number="292" hits="0" branch="false"/>
            <line number="300" hits="18" branch="false"/>
            <line number="301" hits="17" branch="true" condition-coverage="100% (2/2)"/>
            <line number="330" hits="1" branch="false"/>
            <line number="345" hits="2" branch="false"/>
            <line number="354" hits="2" branch="false"/>
            <line number="359" hits="2" branch="false"/>
            <line number="381" hits="6" branch="false"/>
            <line number="383" hits="3" branch="false"/>
            <line number="404" hits="47" branch="true" condition-coverage="100% (2/2)"/>
            <line number="405" hits="47" branch="true" condition-coverage="66.66666666666666% (2/3)"/>
            <line number="406" hits="47" branch="false"/>
            <line number="407" hits="47" branch="true" condition-coverage="100% (2/2)"/>
            <line number="408" hits="47" branch="true" condition-coverage="100% (2/2)"/>
            <line number="409" hits="47" branch="true" condition-coverage="100% (2/2)"/>
            <line number="410" hits="47" branch="true" condition-coverage="100% (2/2)"/>
            <line number="411" hits="47" branch="false"/>
            <line number="412" hits="47" branch="false"/>
            <line number="413" hits="47" branch="false"/>
            <line number="416" hits="0" branch="false"/>
            <line number="417" hits="0" branch="false"/>
            <line number="421" hits="4" branch="false"/>
            <line number="422" hits="4" branch="true" condition-coverage="75% (3/4)"/>
            <line number="423" hits="4" branch="false"/>
            <line number="424" hits="4" branch="false"/>
            <line number="425" hits="4" branch="false"/>
            <line number="426" hits="4" branch="false"/>
            <line number="435" hits="4" branch="true" condition-coverage="100% (2/2)"/>
            <line number="436" hits="2" branch="false"/>
            <line number="438" hits="2" branch="false"/>
            <line number="440" hits="3" branch="false"/>
            <line number="442" hits="1" branch="true" condition-coverage="50% (1/2)"/>
            <line number="444" hits="4" branch="false"/>
            <line number="448" hits="47" branch="false"/>
            <line number="450" hits="10" branch="false"/>
            <line number="459" hits="15" branch="false"/>
            <line number="464" hits="0" branch="false"/>
            <line number="465" hits="47" branch="false"/>
            <line number="470" hits="15" branch="false"/>
            <line number="475" hits="0" branch="false"/>
            <line number="481" hits="0" branch="false"/>
            <line number="483" hits="0" branch="false"/>
            <line number="490" hits="0" branch="false"/>
            <line number="497" hits="0" branch="false"/>
            <line number="513" hits="33" branch="true" condition-coverage="100% (2/2)"/>
            <line number="514" hits="33" branch="true" condition-coverage="100% (2/2)"/>
            <line number="515" hits="33" branch="false"/>
            <line number="516" hits="33" branch="false"/>
            <line number="517" hits="33" branch="false"/>
            <line number="520" hits="2" branch="false"/>
            <line number="521" hits="2" branch="false"/>
            <line number="522" hits="2" branch="false"/>
            <line number="523" hits="2" branch="false"/>
            <line number="524" hits="2" branch="true" condition-coverage="100% (2/2)"/>
            <line number="525" hits="1" branch="false"/>
            <line number="527" hits="1" branch="false"/>
            <line number="529" hits="2" branch="false"/>
            <line number="531" hits="0" branch="true" condition-coverage="0% (0/2)"/>
            <line number="533" hits="2" branch="false"/>
            <line number="537" hits="33" branch="false"/>
            <line number="539" hits="5" branch="false"/>
            <line number="548" hits="3" branch="false"/>
            <line number="553" hits="22" branch="false"/>
            <line number="565" hits="39" branch="false"/>
            <line number="566" hits="39" branch="false"/>
            <line number="567" hits="39" branch="false"/>
            <line number="568" hits="39" branch="false"/>
            <line number="569" hits="39" branch="false"/>
            <line number="570" hits="39" branch="false"/>
            <line number="571" hits="39" branch="false"/>
            <line number="572" hits="39" branch="false"/>
            <line number="573" hits="39" branch="false"/>
            <line number="576" hits="10" branch="false"/>
            <line number="577" hits="10" branch="false"/>
            <line number="578" hits="10" branch="false"/>
            <line number="579" hits="10" branch="false"/>
            <line number="580" hits="10" branch="true" condition-coverage="50% (1/2)"/>
            <line number="581" hits="10" branch="false"/>
            <line number="582" hits="10" branch="true" condition-coverage="50% (1/2)"/>
            <line number="583" hits="10" branch="false"/>
            <line number="584" hits="10" branch="false"/>
            <line number="585" hits="11" branch="false"/>
            <line number="586" hits="11" branch="false"/>
            <line number="587" hits="0" branch="false"/>
            <line number="591" hits="0" branch="false"/>
            <line number="592" hits="0" branch="false"/>
            <line number="596" hits="39" branch="false"/>
            <line number="599" hits="1" branch="false"/>
            <line number="600" hits="1" branch="false"/>
            <line number="601" hits="1" branch="false"/>
            <line number="602" hits="1" branch="false"/>
            <line number="603" hits="1" branch="false"/>
            <line number="604" hits="1" branch="false"/>
            <line number="606" hits="0" branch="true" condition-coverage="0% (0/2)"/>
            <line number="608" hits="1" branch="false"/>
            <line number="612" hits="39" branch="false"/>
            <line number="613" hits="39" branch="true" condition-coverage="100% (2/2)"/>
            <line number="615" hits="16" branch="true" condition-coverage="100% (2/2)"/>
            <line number="619" hits="39" branch="true" condition-coverage="100% (2/2)"/>
            <line number="621" hits="20" branch="false"/>
            <line number="630" hits="8" branch="false"/>
            <line number="634" hits="0" branch="false"/>
            <line number="640" hits="22" branch="false"/>
            <line number="645" hits="0" branch="false"/>
            <line number="648" hits="1" branch="false"/>
            <line number="656" hits="0" branch="false"/>
            <line number="657" hits="0" branch="false"/>
            <line number="661" hits="0" branch="false"/>
            <line number="662" hits="0" branch="false"/>
            <line number="666" hits="0" branch="false"/>
            <line number="673" hits="9" branch="false"/>
            <line number="674" hits="9" branch="false"/>
            <line number="675" hits="9" branch="false"/>
            <line number="676" hits="9" branch="false"/>
            <line number="677" hits="9" branch="false"/>
            <line number="678" hits="9" branch="false"/>
            <line number="681" hits="3" branch="false"/>
            <line number="682" hits="3" branch="false"/>
            <line number="683" hits="3" branch="true" condition-coverage="50% (1/2)"/>
            <line number="685" hits="0" branch="false"/>
            <line number="687" hits="3" branch="false"/>
            <line number="691" hits="9" branch="false"/>
            <line number="694" hits="0" branch="false"/>
            <line number="695" hits="0" branch="false"/>
            <line number="696" hits="0" branch="false"/>
            <line number="697" hits="0" branch="false"/>
            <line number="698" hits="0" branch="false"/>
            <line number="699" hits="0" branch="false"/>
            <line number="701" hits="0" branch="true" condition-coverage="0% (0/2)"/>
            <line number="703" hits="0" branch="false"/>
            <line number="707" hits="9" branch="true" condition-coverage="100% (2/2)"/>
            <line number="709" hits="6" branch="false"/>
            <line number="714" hits="0" branch="false"/>
            <line number="720" hits="6" branch="false"/>
            <line number="724" hits="0" branch="false"/>
            <line number="727" hits="0" branch="false"/>
            <line number="735" hits="0" branch="false"/>
            <line number="736" hits="0" branch="false"/>
            <line number="740" hits="0" branch="false"/>
            <line number="741" hits="0" branch="false"/>
            <line number="745" hits="0" branch="false"/>
            <line number="752" hits="1" branch="false"/>
            <line number="760" hits="6" branch="false"/>
            <line number="762" hits="6" branch="false"/>
            <line number="764" hits="2" branch="false"/>
            <line number="772" hits="0" branch="false"/>
            <line number="774" hits="1" branch="false"/>
            <line number="776" hits="1" branch="false"/>
            <line number="790" hits="111" branch="false"/>
            <line number="792" hits="111" branch="false"/>
            <line number="793" hits="111" branch="false"/>
            <line number="794" hits="111" branch="false"/>
            <line number="795" hits="111" branch="false"/>
            <line number="796" hits="111" branch="false"/>
            <line number="797" hits="111" branch="false"/>
            <line number="798" hits="111" branch="false"/>
            <line number="799" hits="111" branch="false"/>
            <line number="801" hits="111" branch="false"/>
            <line number="802" hits="111" branch="false"/>
            <line number="803" hits="111" branch="false"/>
            <line number="804" hits="111" branch="false"/>
            <line number="806" hits="111" branch="false"/>
            <line number="808" hits="111" branch="false"/>
            <line number="809" hits="111" branch="false"/>
            <line number="810" hits="111" branch="false"/>
            <line number="811" hits="111" branch="false"/>
            <line number="812" hits="111" branch="false"/>
            <line number="813" hits="111" branch="false"/>
            <line number="816" hits="1" branch="false"/>
            <line number="817" hits="1" branch="false"/>
            <line number="820" hits="111" branch="false"/>
            <line number="821" hits="111" branch="false"/>
            <line number="822" hits="111" branch="false"/>
            <line number="824" hits="111" branch="false"/>
            <line number="825" hits="18" branch="false"/>
            <line number="826" hits="18" branch="true" condition-coverage="50% (1/2)"/>
            <line number="827" hits="18" branch="false"/>
            <line number="829" hits="18" branch="false"/>
            <line number="830" hits="18" branch="true" condition-coverage="50% (1/2)"/>
            <line number="831" hits="18" branch="true" condition-coverage="50% (1/2)"/>
            <line number="833" hits="18" branch="true" condition-coverage="50% (1/2)"/>
            <line number="835" hits="18" branch="true" condition-coverage="50% (1/2)"/>
            <line number="836" hits="18" branch="true" condition-coverage="50% (1/2)"/>
            <line number="837" hits="18" branch="false"/>
            <line number="838" hits="18" branch="false"/>
            <line number="842" hits="19" branch="true" condition-coverage="50% (1/2)"/>
            <line number="843" hits="18" branch="false"/>
            <line number="844" hits="18" branch="false"/>
            <line number="846" hits="18" branch="true" condition-coverage="50% (1/2)"/>
            <line number="849" hits="18" branch="false"/>
            <line number="852" hits="111" branch="false"/>
            <line number="853" hits="19" branch="false"/>
            <line number="854" hits="19" branch="false"/>
            <line number="855" hits="19" branch="false"/>
            <line number="856" hits="19" branch="false"/>
            <line number="857" hits="18" branch="true" condition-coverage="50% (1/2)"/>
            <line number="859" hits="1" branch="false"/>
            <line number="861" hits="19" branch="false"/>
            <line number="865" hits="111" branch="false"/>
            <line number="867" hits="111" branch="false"/>
            <line number="868" hits="178" branch="true" condition-coverage="100% (2/2)"/>
            <line number="869" hits="178" branch="true" condition-coverage="100% (2/2)"/>
            <line number="870" hits="50" branch="false"/>
            <line number="872" hits="111" branch="false"/>
            <line number="873" hits="111" branch="false"/>
            <line number="874" hits="111" branch="false"/>
            <line number="875" hits="101" branch="true" condition-coverage="50% (1/2)"/>
            <line number="876" hits="101" branch="true" condition-coverage="100% (2/2)"/>
            <line number="877" hits="55" branch="false"/>
            <line number="878" hits="55" branch="false"/>
            <line number="880" hits="101" branch="false"/>
            <line number="882" hits="111" branch="false"/>
            <line number="883" hits="111" branch="true" condition-coverage="50% (1/2)"/>
            <line number="888" hits="2" branch="false"/>
            <line number="889" hits="2" branch="false"/>
            <line number="890" hits="2" branch="false"/>
            <line number="891" hits="2" branch="false"/>
            <line number="892" hits="4" branch="true" condition-coverage="100% (2/2)"/>
            <line number="893" hits="2" branch="false"/>
            <line number="895" hits="0" branch="false"/>
            <line number="897" hits="2" branch="false"/>
            <line number="902" hits="2" branch="false"/>
            <line number="903" hits="2" branch="false"/>
            <line number="904" hits="2" branch="false"/>
            <line number="905" hits="1" branch="false"/>
            <line number="906" hits="1" branch="false"/>
            <line number="907" hits="1" branch="false"/>
            <line number="908" hits="1" branch="false"/>
            <line number="909" hits="1" branch="false"/>
            <line number="911" hits="1" branch="true" condition-coverage="50% (1/2)"/>
            <line number="913" hits="2" branch="false"/>
            <line number="918" hits="0" branch="false"/>
            <line number="919" hits="0" branch="true" condition-coverage="0% (0/2)"/>
            <line number="920" hits="0" branch="false"/>
            <line number="921" hits="0" branch="true" condition-coverage="0% (0/2)"/>
            <line number="922" hits="0" branch="false"/>
            <line number="923" hits="0" branch="false"/>
            <line number="924" hits="0" branch="true" condition-coverage="0% (0/4)"/>
            <line number="926" hits="0" branch="true" condition-coverage="0% (0/2)"/>
            <line number="930" hits="0" branch="false"/>
            <line number="931" hits="0" branch="false"/>
            <line number="932" hits="0" branch="true" condition-coverage="0% (0/4)"/>
            <line number="933" hits="0" branch="false"/>
            <line number="937" hits="1" branch="false"/>
            <line number="938" hits="1" branch="true" condition-coverage="50% (1/2)"/>
            <line number="942" hits="1" branch="false"/>
            <line number="943" hits="1" branch="false"/>
            <line number="946" hits="111" branch="false"/>
            <line number="960" hits="1" branch="false"/>
            <line number="961" hits="1" branch="false"/>
            <line number="985" hits="0" branch="false"/>
            <line number="988" hits="4" branch="false"/>
            <line number="999" hits="43" branch="false"/>
            <line number="1000" hits="43" branch="true" condition-coverage="100% (4/4)"/>
            <line number="1001" hits="1" branch="false"/>
            <line number="1003" hits="43" branch="false"/>
            <line number="1027" hits="5" branch="false"/>
            <line number="1030" hits="6" branch="false"/>
            <line number="1037" hits="6" branch="false"/>
            <line number="1038" hits="6" branch="false"/>
            <line number="1039" hits="6" branch="false"/>
            <line number="1043" hits="0" branch="true" condition-coverage="50% (1/2)"/>
            <line number="1049" hits="0" branch="false"/>
            <line number="1064" hits="5" branch="false"/>
            <line number="1067" hits="0" branch="false"/>
            <line number="1077" hits="93" branch="false"/>
            <line number="1078" hits="93" branch="false"/>
            <line number="1079" hits="93" branch="false"/>
            <line number="1083" hits="0" branch="true" condition-coverage="50% (1/2)"/>
            <line number="1089" hits="2" branch="false"/>
            <line number="1102" hits="0" branch="false"/>
            <line number="1105" hits="0" branch="false"/>
          </lines>
        </class>
        <class name="LoginPage.jsx" filename="src\pages\LoginPage.jsx" line-rate="1" branch-rate="1">
          <methods>
            <method name="LoginPage" hits="127" signature="()V">
              <lines>
                <line number="4" hits="127"/>
              </lines>
            </method>
            <method name="handleSubmit" hits="5" signature="()V">
              <lines>
                <line number="11" hits="5"/>
              </lines>
            </method>
            <method name="(anonymous_2)" hits="80" signature="()V">
              <lines>
                <line number="39" hits="80"/>
              </lines>
            </method>
            <method name="(anonymous_3)" hits="30" signature="()V">
              <lines>
                <line number="51" hits="30"/>
              </lines>
            </method>
            <method name="(anonymous_4)" hits="1" signature="()V">
              <lines>
                <line number="61" hits="1"/>
              </lines>
            </method>
          </methods>
          <lines>
            <line number="5" hits="127" branch="false"/>
            <line number="6" hits="127" branch="false"/>
            <line number="7" hits="127" branch="false"/>
            <line number="8" hits="127" branch="false"/>
            <line number="9" hits="127" branch="false"/>
            <line number="12" hits="5" branch="false"/>
            <line number="13" hits="5" branch="false"/>
            <line number="14" hits="5" branch="false"/>
            <line number="15" hits="5" branch="false"/>
            <line number="16" hits="5" branch="false"/>
            <line number="17" hits="3" branch="false"/>
            <line number="18" hits="3" branch="false"/>
            <line number="20" hits="2" branch="false"/>
            <line number="22" hits="5" branch="false"/>
            <line number="26" hits="127" branch="false"/>
            <line number="39" hits="80" branch="false"/>
            <line number="51" hits="30" branch="false"/>
            <line number="61" hits="1" branch="false"/>
          </lines>
        </class>
      </classes>
    </package>
  </packages>
</coverage>
