<?xml version="1.0" ?>
<!DOCTYPE coverage SYSTEM "http://cobertura.sourceforge.net/xml/coverage-04.dtd">
<coverage lines-valid="69" lines-covered="66" line-rate="0.9565" branches-valid="28" branches-covered="27" branch-rate="0.9642000000000001" timestamp="1777913985547" complexity="0" version="0.1">
  <sources>
    <source>D:/development/repos/weesky.net/mail/frontend</source>
  </sources>
  <packages>
    <package name="src" line-rate="0.9411" branch-rate="0.9582999999999999">
      <classes>
        <class name="App.jsx" filename="src\App.jsx" line-rate="1" branch-rate="1">
          <methods>
            <method name="App" hits="9" signature="()V">
              <lines>
                <line number="6" hits="9"/>
              </lines>
            </method>
            <method name="(anonymous_1)" hits="6" signature="()V">
              <lines>
                <line number="9" hits="6"/>
              </lines>
            </method>
            <method name="(anonymous_2)" hits="1" signature="()V">
              <lines>
                <line number="10" hits="1"/>
              </lines>
            </method>
            <method name="(anonymous_3)" hits="6" signature="()V">
              <lines>
                <line number="11" hits="6"/>
              </lines>
            </method>
            <method name="(anonymous_4)" hits="1" signature="()V">
              <lines>
                <line number="15" hits="1"/>
              </lines>
            </method>
            <method name="(anonymous_5)" hits="1" signature="()V">
              <lines>
                <line number="18" hits="1"/>
              </lines>
            </method>
          </methods>
          <lines>
            <line number="7" hits="9" branch="false"/>
            <line number="9" hits="9" branch="false"/>
            <line number="10" hits="6" branch="false"/>
            <line number="11" hits="6" branch="false"/>
            <line number="14" hits="9" branch="true" condition-coverage="100% (2/2)"/>
            <line number="15" hits="5" branch="false"/>
            <line number="18" hits="4" branch="false"/>
          </lines>
        </class>
        <class name="api.js" filename="src\api.js" line-rate="0.9318000000000001" branch-rate="0.9545">
          <methods>
            <method name="setToken" hits="6" signature="()V">
              <lines>
                <line number="18" hits="6"/>
              </lines>
            </method>
            <method name="clearToken" hits="3" signature="()V">
              <lines>
                <line number="29" hits="3"/>
              </lines>
            </method>
            <method name="hasToken" hits="6" signature="()V">
              <lines>
                <line number="35" hits="6"/>
              </lines>
            </method>
            <method name="setUnauthorizedHandler" hits="1" signature="()V">
              <lines>
                <line number="39" hits="1"/>
              </lines>
            </method>
            <method name="request" hits="8" signature="()V">
              <lines>
                <line number="43" hits="8"/>
              </lines>
            </method>
            <method name="(anonymous_5)" hits="0" signature="()V">
              <lines>
                <line number="62" hits="0"/>
              </lines>
            </method>
            <method name="(anonymous_6)" hits="1" signature="()V">
              <lines>
                <line number="69" hits="1"/>
              </lines>
            </method>
            <method name="(anonymous_7)" hits="0" signature="()V">
              <lines>
                <line number="72" hits="0"/>
              </lines>
            </method>
            <method name="(anonymous_8)" hits="0" signature="()V">
              <lines>
                <line number="75" hits="0"/>
              </lines>
            </method>
            <method name="(anonymous_9)" hits="4" signature="()V">
              <lines>
                <line number="78" hits="4"/>
              </lines>
            </method>
            <method name="(anonymous_10)" hits="1" signature="()V">
              <lines>
                <line number="81" hits="1"/>
              </lines>
            </method>
            <method name="(anonymous_11)" hits="1" signature="()V">
              <lines>
                <line number="84" hits="1"/>
              </lines>
            </method>
            <method name="(anonymous_12)" hits="1" signature="()V">
              <lines>
                <line number="87" hits="1"/>
              </lines>
            </method>
            <method name="(anonymous_13)" hits="0" signature="()V">
              <lines>
                <line number="90" hits="0"/>
              </lines>
            </method>
          </methods>
          <lines>
            <line number="1" hits="17" branch="false"/>
            <line number="2" hits="17" branch="false"/>
            <line number="3" hits="17" branch="false"/>
            <line number="5" hits="17" branch="false"/>
            <line number="6" hits="17" branch="false"/>
            <line number="9" hits="17" branch="false"/>
            <line number="10" hits="17" branch="false"/>
            <line number="11" hits="17" branch="true" condition-coverage="100% (5/5)"/>
            <line number="12" hits="1" branch="false"/>
            <line number="14" hits="16" branch="false"/>
            <line number="15" hits="16" branch="false"/>
            <line number="19" hits="6" branch="false"/>
            <line number="20" hits="6" branch="true" condition-coverage="100% (2/2)"/>
            <line number="21" hits="2" branch="false"/>
            <line number="22" hits="2" branch="false"/>
            <line number="24" hits="4" branch="false"/>
            <line number="25" hits="4" branch="false"/>
            <line number="30" hits="3" branch="false"/>
            <line number="31" hits="3" branch="false"/>
            <line number="32" hits="3" branch="false"/>
            <line number="36" hits="6" branch="false"/>
            <line number="40" hits="1" branch="false"/>
            <line number="44" hits="8" branch="false"/>
            <line number="45" hits="8" branch="true" condition-coverage="100% (2/2)"/>
            <line number="46" hits="8" branch="true" condition-coverage="100% (2/2)"/>
            <line number="48" hits="8" branch="false"/>
            <line number="54" hits="8" branch="true" condition-coverage="100% (2/2)"/>
            <line number="55" hits="1" branch="false"/>
            <line number="56" hits="1" branch="false"/>
            <line number="57" hits="1" branch="false"/>
            <line number="60" hits="7" branch="true" condition-coverage="100% (2/2)"/>
            <line number="61" hits="6" branch="true" condition-coverage="100% (2/2)"/>
            <line number="62" hits="1" branch="false"/>
            <line number="63" hits="1" branch="true" condition-coverage="50% (1/2)"/>
            <line number="65" hits="5" branch="false"/>
            <line number="68" hits="17" branch="false"/>
            <line number="70" hits="1" branch="false"/>
            <line number="73" hits="0" branch="false"/>
            <line number="76" hits="0" branch="false"/>
            <line number="79" hits="4" branch="false"/>
            <line number="82" hits="1" branch="false"/>
            <line number="85" hits="1" branch="false"/>
            <line number="88" hits="1" branch="false"/>
            <line number="91" hits="0" branch="false"/>
          </lines>
        </class>
      </classes>
    </package>
    <package name="src.pages" line-rate="1" branch-rate="1">
      <classes>
        <class name="LoginPage.jsx" filename="src\pages\LoginPage.jsx" line-rate="1" branch-rate="1">
          <methods>
            <method name="LoginPage" hits="127" signature="()V">
              <lines>
                <line number="4" hits="127"/>
              </lines>
            </method>
            <method name="handleSubmit" hits="5" signature="()V">
              <lines>
                <line number="11" hits="5"/>
              </lines>
            </method>
            <method name="(anonymous_2)" hits="80" signature="()V">
              <lines>
                <line number="39" hits="80"/>
              </lines>
            </method>
            <method name="(anonymous_3)" hits="30" signature="()V">
              <lines>
                <line number="51" hits="30"/>
              </lines>
            </method>
            <method name="(anonymous_4)" hits="1" signature="()V">
              <lines>
                <line number="61" hits="1"/>
              </lines>
            </method>
          </methods>
          <lines>
            <line number="5" hits="127" branch="false"/>
            <line number="6" hits="127" branch="false"/>
            <line number="7" hits="127" branch="false"/>
            <line number="8" hits="127" branch="false"/>
            <line number="9" hits="127" branch="false"/>
            <line number="12" hits="5" branch="false"/>
            <line number="13" hits="5" branch="false"/>
            <line number="14" hits="5" branch="false"/>
            <line number="15" hits="5" branch="false"/>
            <line number="16" hits="5" branch="false"/>
            <line number="17" hits="3" branch="false"/>
            <line number="18" hits="3" branch="false"/>
            <line number="20" hits="2" branch="false"/>
            <line number="22" hits="5" branch="false"/>
            <line number="26" hits="127" branch="false"/>
            <line number="39" hits="80" branch="false"/>
            <line number="51" hits="30" branch="false"/>
            <line number="61" hits="1" branch="false"/>
          </lines>
        </class>
      </classes>
    </package>
  </packages>
</coverage>
